2022-11-05_12-50-25 [restartedMain] INFO  c.m.a.AuthorizationMicroserviceApplication - Starting AuthorizationMicroserviceApplication using Java 18 on DESKTOP-TM22PUN with PID 13928 (C:\Users\Dharshini\Downloads\mfpe-backend\Authorization-Microservice\target\classes started by Dharshini in C:\Users\Dharshini\Downloads\mfpe-backend\Authorization-Microservice)
2022-11-05_12-50-25 [restartedMain] INFO  c.m.a.AuthorizationMicroserviceApplication - No active profile set, falling back to 1 default profile: "default"
2022-11-05_12-50-25 [restartedMain] INFO  o.s.b.d.e.DevToolsPropertyDefaultsPostProcessor - Devtools property defaults active! Set 'spring.devtools.add-properties' to 'false' to disable
2022-11-05_12-50-25 [restartedMain] INFO  o.s.b.d.e.DevToolsPropertyDefaultsPostProcessor - For additional web related logging consider setting the 'logging.level.web' property to 'DEBUG'
2022-11-05_12-50-25 [restartedMain] INFO  o.s.d.r.c.RepositoryConfigurationDelegate - Bootstrapping Spring Data JPA repositories in DEFAULT mode.
2022-11-05_12-50-25 [restartedMain] INFO  o.s.d.r.c.RepositoryConfigurationDelegate - Finished Spring Data repository scanning in 86 ms. Found 1 JPA repository interfaces.
2022-11-05_12-50-25 [restartedMain] INFO  o.s.cloud.context.scope.GenericScope - BeanFactory id=611a2cff-8a9a-3567-bd12-95978ac3eb1f
2022-11-05_12-50-25 [restartedMain] INFO  o.s.b.w.e.tomcat.TomcatWebServer - Tomcat initialized with port(s): 8084 (http)
2022-11-05_12-50-25 [restartedMain] INFO  o.a.coyote.http11.Http11NioProtocol - Initializing ProtocolHandler ["http-nio-8084"]
2022-11-05_12-50-25 [restartedMain] INFO  o.a.catalina.core.StandardService - Starting service [Tomcat]
2022-11-05_12-50-25 [restartedMain] INFO  o.a.catalina.core.StandardEngine - Starting Servlet engine: [Apache Tomcat/9.0.64]
2022-11-05_12-50-25 [restartedMain] INFO  o.a.c.c.C.[.[localhost].[/auth] - Initializing Spring embedded WebApplicationContext
2022-11-05_12-50-25 [restartedMain] INFO  o.s.b.w.s.c.ServletWebServerApplicationContext - Root WebApplicationContext: initialization completed in 4277 ms
2022-11-05_12-50-25 [restartedMain] INFO  com.zaxxer.hikari.HikariDataSource - HikariPool-1 - Starting...
2022-11-05_12-50-25 [restartedMain] INFO  com.zaxxer.hikari.HikariDataSource - HikariPool-1 - Start completed.
2022-11-05_12-50-25 [restartedMain] INFO  o.s.b.a.h.H2ConsoleAutoConfiguration - H2 console available at '/h2-console'. Database available at 'jdbc:h2:mem:testdb'
2022-11-05_12-50-25 [restartedMain] INFO  o.s.o.j.LocalContainerEntityManagerFactoryBean - Initialized JPA EntityManagerFactory for persistence unit 'default'
2022-11-05_12-50-25 [restartedMain] INFO  o.s.s.web.DefaultSecurityFilterChain - Will secure any request with [org.springframework.security.web.session.DisableEncodeUrlFilter@1f5f1a64, org.springframework.security.web.context.request.async.WebAsyncManagerIntegrationFilter@421615e4, org.springframework.security.web.context.SecurityContextPersistenceFilter@7fee22a5, org.springframework.security.web.header.HeaderWriterFilter@36fc0074, org.springframework.web.filter.CorsFilter@55c82e4d, org.springframework.security.web.authentication.logout.LogoutFilter@59367175, cts.mfpe.authorization.configs.JwtRequestFilter@da63f3b, org.springframework.security.web.savedrequest.RequestCacheAwareFilter@52a281af, org.springframework.security.web.servletapi.SecurityContextHolderAwareRequestFilter@7fb354ab, org.springframework.security.web.authentication.AnonymousAuthenticationFilter@5f73c71a, org.springframework.security.web.session.SessionManagementFilter@4be3f3e6, org.springframework.security.web.access.ExceptionTranslationFilter@1e558fab, org.springframework.security.web.access.intercept.FilterSecurityInterceptor@57c842d0]
2022-11-05_12-50-25 [restartedMain] INFO  o.s.b.d.a.OptionalLiveReloadServer - LiveReload server is running on port 35729
2022-11-05_12-50-25 [restartedMain] INFO  o.a.coyote.http11.Http11NioProtocol - Starting ProtocolHandler ["http-nio-8084"]
2022-11-05_12-50-25 [restartedMain] INFO  o.s.b.w.e.tomcat.TomcatWebServer - Tomcat started on port(s): 8084 (http) with context path '/auth'
2022-11-05_12-50-25 [restartedMain] INFO  c.m.a.AuthorizationMicroserviceApplication - Started AuthorizationMicroserviceApplication in 10.865 seconds (JVM running for 26.425)
2022-11-05_12-50-25 [http-nio-8084-exec-2] INFO  o.a.c.c.C.[.[localhost].[/auth] - Initializing Spring DispatcherServlet 'dispatcherServlet'
2022-11-05_12-50-25 [http-nio-8084-exec-2] INFO  o.s.web.servlet.DispatcherServlet - Initializing Servlet 'dispatcherServlet'
2022-11-05_12-50-25 [http-nio-8084-exec-2] INFO  o.s.web.servlet.DispatcherServlet - Completed initialization in 4 ms
2022-11-05_12-50-25 [http-nio-8084-exec-2] INFO  c.m.a.services.JwtUserDetailsService - user successfully saved!
2022-11-05_12-50-25 [http-nio-8084-exec-3] INFO  c.m.a.services.JwtUserDetailsService - User found
2022-11-05_12-50-25 [http-nio-8084-exec-3] INFO  c.m.a.services.JwtUserDetailsService - user successfully located
2022-11-05_12-50-25 [http-nio-8084-exec-3] INFO  c.m.a.services.JwtUserDetailsService - User found
2022-11-05_12-50-25 [http-nio-8084-exec-3] INFO  c.m.a.services.JwtUserDetailsService - user successfully located
2022-11-05_12-50-25 [http-nio-8084-exec-5] INFO  c.m.a.services.JwtUserDetailsService - User found
2022-11-05_12-50-25 [http-nio-8084-exec-5] INFO  c.m.a.services.JwtUserDetailsService - user successfully located
2022-11-05_12-50-25 [http-nio-8084-exec-5] INFO  c.m.a.services.JwtUserDetailsService - User found
2022-11-05_12-50-25 [http-nio-8084-exec-5] INFO  c.m.a.services.JwtUserDetailsService - user successfully located
2022-11-05_12-50-25 [http-nio-8084-exec-9] INFO  c.m.a.services.JwtUserDetailsService - user successfully saved!
2022-11-05_12-50-25 [http-nio-8084-exec-10] INFO  c.m.a.services.JwtUserDetailsService - User found
2022-11-05_12-50-25 [http-nio-8084-exec-10] INFO  c.m.a.services.JwtUserDetailsService - user successfully located
2022-11-05_12-50-25 [http-nio-8084-exec-10] INFO  c.m.a.services.JwtUserDetailsService - User found
2022-11-05_12-50-25 [http-nio-8084-exec-10] INFO  c.m.a.services.JwtUserDetailsService - user successfully located
2022-11-05_12-50-25 [http-nio-8084-exec-8] INFO  c.m.a.services.JwtUserDetailsService - user successfully saved!
2022-11-05_12-50-25 [http-nio-8084-exec-5] INFO  c.m.a.services.JwtUserDetailsService - user successfully saved!
2022-11-05_12-50-25 [http-nio-8084-exec-8] INFO  c.m.a.services.JwtUserDetailsService - user successfully saved!
2022-11-05_12-50-25 [http-nio-8084-exec-5] INFO  c.m.a.services.JwtUserDetailsService - user successfully saved!
2022-11-05_12-50-25 [http-nio-8084-exec-10] INFO  c.m.a.services.JwtUserDetailsService - user successfully saved!
2022-11-05_12-50-25 [http-nio-8084-exec-2] INFO  c.m.a.services.JwtUserDetailsService - user successfully saved!
2022-11-05_12-50-25 [SpringApplicationShutdownHook] INFO  o.s.o.j.LocalContainerEntityManagerFactoryBean - Closing JPA EntityManagerFactory for persistence unit 'default'
2022-11-05_12-50-25 [SpringApplicationShutdownHook] INFO  com.zaxxer.hikari.HikariDataSource - HikariPool-1 - Shutdown initiated...
2022-11-05_12-50-25 [SpringApplicationShutdownHook] INFO  com.zaxxer.hikari.HikariDataSource - HikariPool-1 - Shutdown completed.
2022-11-05_14-36-52 [restartedMain] INFO  c.m.a.AuthorizationMicroserviceApplication - Starting AuthorizationMicroserviceApplication using Java 18 on DESKTOP-TM22PUN with PID 20616 (C:\Users\Dharshini\Downloads\mfpe-backend\Authorization-Microservice\target\classes started by Dharshini in C:\Users\Dharshini\Downloads\mfpe-backend\Authorization-Microservice)
2022-11-05_14-36-52 [restartedMain] INFO  c.m.a.AuthorizationMicroserviceApplication - No active profile set, falling back to 1 default profile: "default"
2022-11-05_14-36-52 [restartedMain] INFO  o.s.b.d.e.DevToolsPropertyDefaultsPostProcessor - Devtools property defaults active! Set 'spring.devtools.add-properties' to 'false' to disable
2022-11-05_14-36-52 [restartedMain] INFO  o.s.b.d.e.DevToolsPropertyDefaultsPostProcessor - For additional web related logging consider setting the 'logging.level.web' property to 'DEBUG'
2022-11-05_14-36-52 [restartedMain] INFO  o.s.d.r.c.RepositoryConfigurationDelegate - Bootstrapping Spring Data JPA repositories in DEFAULT mode.
2022-11-05_14-36-52 [restartedMain] INFO  o.s.d.r.c.RepositoryConfigurationDelegate - Finished Spring Data repository scanning in 88 ms. Found 1 JPA repository interfaces.
2022-11-05_14-36-52 [restartedMain] INFO  o.s.cloud.context.scope.GenericScope - BeanFactory id=611a2cff-8a9a-3567-bd12-95978ac3eb1f
2022-11-05_14-36-52 [restartedMain] INFO  o.s.b.w.e.tomcat.TomcatWebServer - Tomcat initialized with port(s): 8084 (http)
2022-11-05_14-36-52 [restartedMain] INFO  o.a.coyote.http11.Http11NioProtocol - Initializing ProtocolHandler ["http-nio-8084"]
2022-11-05_14-36-52 [restartedMain] INFO  o.a.catalina.core.StandardService - Starting service [Tomcat]
2022-11-05_14-36-52 [restartedMain] INFO  o.a.catalina.core.StandardEngine - Starting Servlet engine: [Apache Tomcat/9.0.64]
2022-11-05_14-36-52 [restartedMain] INFO  o.a.c.c.C.[.[localhost].[/auth] - Initializing Spring embedded WebApplicationContext
2022-11-05_14-36-52 [restartedMain] INFO  o.s.b.w.s.c.ServletWebServerApplicationContext - Root WebApplicationContext: initialization completed in 4162 ms
2022-11-05_14-36-52 [restartedMain] INFO  com.zaxxer.hikari.HikariDataSource - HikariPool-1 - Starting...
2022-11-05_14-36-52 [restartedMain] INFO  com.zaxxer.hikari.HikariDataSource - HikariPool-1 - Start completed.
2022-11-05_14-36-52 [restartedMain] INFO  o.s.b.a.h.H2ConsoleAutoConfiguration - H2 console available at '/h2-console'. Database available at 'jdbc:h2:mem:testdb'
2022-11-05_14-36-52 [restartedMain] INFO  o.s.o.j.LocalContainerEntityManagerFactoryBean - Initialized JPA EntityManagerFactory for persistence unit 'default'
2022-11-05_14-36-52 [restartedMain] INFO  o.s.s.web.DefaultSecurityFilterChain - Will secure any request with [org.springframework.security.web.session.DisableEncodeUrlFilter@745ce57c, org.springframework.security.web.context.request.async.WebAsyncManagerIntegrationFilter@59fe8170, org.springframework.security.web.context.SecurityContextPersistenceFilter@7a34d014, org.springframework.security.web.header.HeaderWriterFilter@7dd2ade6, org.springframework.web.filter.CorsFilter@f866210, org.springframework.security.web.authentication.logout.LogoutFilter@675d5c4c, cts.mfpe.authorization.configs.JwtRequestFilter@51393595, org.springframework.security.web.savedrequest.RequestCacheAwareFilter@1435971, org.springframework.security.web.servletapi.SecurityContextHolderAwareRequestFilter@1c8e0d44, org.springframework.security.web.authentication.AnonymousAuthenticationFilter@1a0a1584, org.springframework.security.web.session.SessionManagementFilter@65edae70, org.springframework.security.web.access.ExceptionTranslationFilter@36a10a34, org.springframework.security.web.access.intercept.FilterSecurityInterceptor@271c513a]
2022-11-05_14-36-52 [restartedMain] INFO  o.s.b.d.a.OptionalLiveReloadServer - LiveReload server is running on port 35729
2022-11-05_14-36-52 [restartedMain] INFO  o.a.coyote.http11.Http11NioProtocol - Starting ProtocolHandler ["http-nio-8084"]
2022-11-05_14-36-52 [restartedMain] INFO  o.s.b.w.e.tomcat.TomcatWebServer - Tomcat started on port(s): 8084 (http) with context path '/auth'
2022-11-05_14-36-52 [restartedMain] INFO  c.m.a.AuthorizationMicroserviceApplication - Started AuthorizationMicroserviceApplication in 10.244 seconds (JVM running for 11.941)
2022-11-05_14-36-52 [http-nio-8084-exec-1] INFO  o.a.c.c.C.[.[localhost].[/auth] - Initializing Spring DispatcherServlet 'dispatcherServlet'
2022-11-05_14-36-52 [http-nio-8084-exec-1] INFO  o.s.web.servlet.DispatcherServlet - Initializing Servlet 'dispatcherServlet'
2022-11-05_14-36-52 [http-nio-8084-exec-1] INFO  o.s.web.servlet.DispatcherServlet - Completed initialization in 56 ms
2022-11-05_14-36-52 [http-nio-8084-exec-1] INFO  c.m.a.services.JwtUserDetailsService - user successfully saved!
2022-11-05_14-36-52 [http-nio-8084-exec-5] INFO  c.m.a.services.JwtUserDetailsService - User found
2022-11-05_14-36-52 [http-nio-8084-exec-5] INFO  c.m.a.services.JwtUserDetailsService - user successfully located
2022-11-05_14-36-52 [http-nio-8084-exec-5] INFO  c.m.a.services.JwtUserDetailsService - User found
2022-11-05_14-36-52 [http-nio-8084-exec-5] INFO  c.m.a.services.JwtUserDetailsService - user successfully located
2022-11-05_14-36-52 [http-nio-8084-exec-6] INFO  c.m.a.services.JwtUserDetailsService - User found
2022-11-05_14-36-52 [http-nio-8084-exec-6] INFO  c.m.a.services.JwtUserDetailsService - user successfully located
2022-11-05_14-36-52 [http-nio-8084-exec-6] INFO  c.m.a.services.JwtUserDetailsService - User found
2022-11-05_14-36-52 [http-nio-8084-exec-6] INFO  c.m.a.services.JwtUserDetailsService - user successfully located
2022-11-05_14-36-52 [http-nio-8084-exec-7] INFO  c.m.a.services.JwtUserDetailsService - user successfully saved!
2022-11-05_14-36-52 [http-nio-8084-exec-9] INFO  c.m.a.services.JwtUserDetailsService - User found
2022-11-05_14-36-52 [http-nio-8084-exec-9] INFO  c.m.a.services.JwtUserDetailsService - user successfully located
2022-11-05_14-36-52 [http-nio-8084-exec-9] INFO  c.m.a.services.JwtUserDetailsService - User found
2022-11-05_14-36-52 [http-nio-8084-exec-9] INFO  c.m.a.services.JwtUserDetailsService - user successfully located
2022-11-05_14-36-52 [SpringApplicationShutdownHook] INFO  o.s.o.j.LocalContainerEntityManagerFactoryBean - Closing JPA EntityManagerFactory for persistence unit 'default'
2022-11-05_14-36-52 [SpringApplicationShutdownHook] INFO  com.zaxxer.hikari.HikariDataSource - HikariPool-1 - Shutdown initiated...
2022-11-05_14-36-52 [SpringApplicationShutdownHook] INFO  com.zaxxer.hikari.HikariDataSource - HikariPool-1 - Shutdown completed.
2022-11-05_14-50-03 [restartedMain] INFO  c.m.a.AuthorizationMicroserviceApplication - Starting AuthorizationMicroserviceApplication using Java 18 on DESKTOP-TM22PUN with PID 12300 (C:\Users\Dharshini\Downloads\mfpe-backend\Authorization-Microservice\target\classes started by Dharshini in C:\Users\Dharshini\Downloads\mfpe-backend\Authorization-Microservice)
2022-11-05_14-50-03 [restartedMain] INFO  c.m.a.AuthorizationMicroserviceApplication - No active profile set, falling back to 1 default profile: "default"
2022-11-05_14-50-03 [restartedMain] INFO  o.s.b.d.e.DevToolsPropertyDefaultsPostProcessor - Devtools property defaults active! Set 'spring.devtools.add-properties' to 'false' to disable
2022-11-05_14-50-03 [restartedMain] INFO  o.s.b.d.e.DevToolsPropertyDefaultsPostProcessor - For additional web related logging consider setting the 'logging.level.web' property to 'DEBUG'
2022-11-05_14-50-03 [restartedMain] INFO  o.s.d.r.c.RepositoryConfigurationDelegate - Bootstrapping Spring Data JPA repositories in DEFAULT mode.
2022-11-05_14-50-03 [restartedMain] INFO  o.s.d.r.c.RepositoryConfigurationDelegate - Finished Spring Data repository scanning in 115 ms. Found 1 JPA repository interfaces.
2022-11-05_14-50-03 [restartedMain] INFO  o.s.cloud.context.scope.GenericScope - BeanFactory id=611a2cff-8a9a-3567-bd12-95978ac3eb1f
2022-11-05_14-50-03 [restartedMain] INFO  o.s.b.w.e.tomcat.TomcatWebServer - Tomcat initialized with port(s): 8084 (http)
2022-11-05_14-50-03 [restartedMain] INFO  o.a.coyote.http11.Http11NioProtocol - Initializing ProtocolHandler ["http-nio-8084"]
2022-11-05_14-50-03 [restartedMain] INFO  o.a.catalina.core.StandardService - Starting service [Tomcat]
2022-11-05_14-50-03 [restartedMain] INFO  o.a.catalina.core.StandardEngine - Starting Servlet engine: [Apache Tomcat/9.0.64]
2022-11-05_14-50-03 [restartedMain] INFO  o.a.c.c.C.[.[localhost].[/auth] - Initializing Spring embedded WebApplicationContext
2022-11-05_14-50-03 [restartedMain] INFO  o.s.b.w.s.c.ServletWebServerApplicationContext - Root WebApplicationContext: initialization completed in 4802 ms
2022-11-05_14-50-03 [restartedMain] INFO  com.zaxxer.hikari.HikariDataSource - HikariPool-1 - Starting...
2022-11-05_14-50-03 [restartedMain] INFO  com.zaxxer.hikari.HikariDataSource - HikariPool-1 - Start completed.
2022-11-05_14-50-03 [restartedMain] INFO  o.s.b.a.h.H2ConsoleAutoConfiguration - H2 console available at '/h2-console'. Database available at 'jdbc:h2:mem:testdb'
2022-11-05_14-50-03 [restartedMain] INFO  o.s.o.j.LocalContainerEntityManagerFactoryBean - Initialized JPA EntityManagerFactory for persistence unit 'default'
2022-11-05_14-50-03 [restartedMain] INFO  o.a.catalina.core.StandardService - Stopping service [Tomcat]
2022-11-05_14-50-03 [restartedMain] INFO  o.s.o.j.LocalContainerEntityManagerFactoryBean - Closing JPA EntityManagerFactory for persistence unit 'default'
2022-11-05_14-50-03 [restartedMain] INFO  com.zaxxer.hikari.HikariDataSource - HikariPool-1 - Shutdown initiated...
2022-11-05_14-50-03 [restartedMain] INFO  com.zaxxer.hikari.HikariDataSource - HikariPool-1 - Shutdown completed.
2022-11-05_14-50-03 [restartedMain] INFO  o.s.b.a.l.ConditionEvaluationReportLoggingListener - 

Error starting ApplicationContext. To display the conditions report re-run your application with 'debug' enabled.
2022-11-05_14-54-04 [restartedMain] INFO  c.m.a.AuthorizationMicroserviceApplication - Starting AuthorizationMicroserviceApplication using Java 18 on DESKTOP-TM22PUN with PID 13864 (C:\Users\Dharshini\Downloads\mfpe-backend\Authorization-Microservice\target\classes started by Dharshini in C:\Users\Dharshini\Downloads\mfpe-backend\Authorization-Microservice)
2022-11-05_14-54-04 [restartedMain] INFO  c.m.a.AuthorizationMicroserviceApplication - No active profile set, falling back to 1 default profile: "default"
2022-11-05_14-54-04 [restartedMain] INFO  o.s.b.d.e.DevToolsPropertyDefaultsPostProcessor - Devtools property defaults active! Set 'spring.devtools.add-properties' to 'false' to disable
2022-11-05_14-54-04 [restartedMain] INFO  o.s.b.d.e.DevToolsPropertyDefaultsPostProcessor - For additional web related logging consider setting the 'logging.level.web' property to 'DEBUG'
2022-11-05_14-54-04 [restartedMain] INFO  o.s.d.r.c.RepositoryConfigurationDelegate - Bootstrapping Spring Data JPA repositories in DEFAULT mode.
2022-11-05_14-54-04 [restartedMain] INFO  o.s.d.r.c.RepositoryConfigurationDelegate - Finished Spring Data repository scanning in 79 ms. Found 1 JPA repository interfaces.
2022-11-05_14-54-04 [restartedMain] INFO  o.s.cloud.context.scope.GenericScope - BeanFactory id=611a2cff-8a9a-3567-bd12-95978ac3eb1f
2022-11-05_14-54-04 [restartedMain] INFO  o.s.b.w.e.tomcat.TomcatWebServer - Tomcat initialized with port(s): 8084 (http)
2022-11-05_14-54-04 [restartedMain] INFO  o.a.coyote.http11.Http11NioProtocol - Initializing ProtocolHandler ["http-nio-8084"]
2022-11-05_14-54-04 [restartedMain] INFO  o.a.catalina.core.StandardService - Starting service [Tomcat]
2022-11-05_14-54-04 [restartedMain] INFO  o.a.catalina.core.StandardEngine - Starting Servlet engine: [Apache Tomcat/9.0.64]
2022-11-05_14-54-04 [restartedMain] INFO  o.a.c.c.C.[.[localhost].[/auth] - Initializing Spring embedded WebApplicationContext
2022-11-05_14-54-04 [restartedMain] INFO  o.s.b.w.s.c.ServletWebServerApplicationContext - Root WebApplicationContext: initialization completed in 4417 ms
2022-11-05_14-54-04 [restartedMain] INFO  com.zaxxer.hikari.HikariDataSource - HikariPool-1 - Starting...
2022-11-05_14-54-04 [restartedMain] INFO  com.zaxxer.hikari.HikariDataSource - HikariPool-1 - Start completed.
2022-11-05_14-54-04 [restartedMain] INFO  o.s.b.a.h.H2ConsoleAutoConfiguration - H2 console available at '/h2-console'. Database available at 'jdbc:h2:mem:testdb'
2022-11-05_14-54-04 [restartedMain] INFO  o.s.o.j.LocalContainerEntityManagerFactoryBean - Initialized JPA EntityManagerFactory for persistence unit 'default'
2022-11-05_14-54-04 [restartedMain] INFO  o.s.s.web.DefaultSecurityFilterChain - Will secure any request with [org.springframework.security.web.session.DisableEncodeUrlFilter@20a9cd22, org.springframework.security.web.context.request.async.WebAsyncManagerIntegrationFilter@69744140, org.springframework.security.web.context.SecurityContextPersistenceFilter@1280a7ec, org.springframework.security.web.header.HeaderWriterFilter@7b3126c4, org.springframework.web.filter.CorsFilter@5d5e7efd, org.springframework.security.web.authentication.logout.LogoutFilter@6c7e480c, cts.mfpe.authorization.configs.JwtRequestFilter@331d8e4b, org.springframework.security.web.savedrequest.RequestCacheAwareFilter@dda9878, org.springframework.security.web.servletapi.SecurityContextHolderAwareRequestFilter@320a70e1, org.springframework.security.web.authentication.AnonymousAuthenticationFilter@204964a9, org.springframework.security.web.session.SessionManagementFilter@4d456180, org.springframework.security.web.access.ExceptionTranslationFilter@55929ae6, org.springframework.security.web.access.intercept.FilterSecurityInterceptor@1c8815fc]
2022-11-05_14-54-04 [restartedMain] INFO  o.s.b.d.a.OptionalLiveReloadServer - LiveReload server is running on port 35729
2022-11-05_14-54-04 [restartedMain] INFO  o.a.coyote.http11.Http11NioProtocol - Starting ProtocolHandler ["http-nio-8084"]
2022-11-05_14-54-04 [restartedMain] INFO  o.s.b.w.e.tomcat.TomcatWebServer - Tomcat started on port(s): 8084 (http) with context path '/auth'
2022-11-05_14-54-04 [restartedMain] INFO  c.m.a.AuthorizationMicroserviceApplication - Started AuthorizationMicroserviceApplication in 10.329 seconds (JVM running for 11.861)
2022-11-05_14-54-04 [http-nio-8084-exec-1] INFO  o.a.c.c.C.[.[localhost].[/auth] - Initializing Spring DispatcherServlet 'dispatcherServlet'
2022-11-05_14-54-04 [http-nio-8084-exec-1] INFO  o.s.web.servlet.DispatcherServlet - Initializing Servlet 'dispatcherServlet'
2022-11-05_14-54-04 [http-nio-8084-exec-1] INFO  o.s.web.servlet.DispatcherServlet - Completed initialization in 3 ms
2022-11-05_14-54-04 [http-nio-8084-exec-1] INFO  c.m.a.services.JwtUserDetailsService - user successfully saved!
2022-11-05_14-54-04 [http-nio-8084-exec-3] INFO  c.m.a.services.JwtUserDetailsService - User found
2022-11-05_14-54-04 [http-nio-8084-exec-3] INFO  c.m.a.services.JwtUserDetailsService - user successfully located
2022-11-05_14-54-04 [http-nio-8084-exec-3] INFO  c.m.a.services.JwtUserDetailsService - User found
2022-11-05_14-54-04 [http-nio-8084-exec-3] INFO  c.m.a.services.JwtUserDetailsService - user successfully located
2022-11-05_14-54-04 [http-nio-8084-exec-5] INFO  c.m.a.services.JwtUserDetailsService - user successfully saved!
2022-11-05_14-54-04 [http-nio-8084-exec-10] INFO  c.m.a.services.JwtUserDetailsService - user successfully saved!
2022-11-05_14-54-04 [http-nio-8084-exec-2] INFO  c.m.a.services.JwtUserDetailsService - user successfully saved!
2022-11-05_14-54-04 [http-nio-8084-exec-10] INFO  c.m.a.services.JwtUserDetailsService - User found
2022-11-05_14-54-04 [http-nio-8084-exec-10] INFO  c.m.a.services.JwtUserDetailsService - user successfully located
2022-11-05_14-54-04 [http-nio-8084-exec-8] INFO  c.m.a.services.JwtUserDetailsService - user successfully saved!
2022-11-05_14-54-04 [http-nio-8084-exec-7] INFO  c.m.a.services.JwtUserDetailsService - User found
2022-11-05_14-54-04 [http-nio-8084-exec-7] INFO  c.m.a.services.JwtUserDetailsService - user successfully located
2022-11-05_14-54-04 [http-nio-8084-exec-7] INFO  c.m.a.services.JwtUserDetailsService - User found
2022-11-05_14-54-04 [http-nio-8084-exec-7] INFO  c.m.a.services.JwtUserDetailsService - user successfully located
2022-11-05_14-54-04 [http-nio-8084-exec-2] INFO  c.m.a.services.JwtUserDetailsService - User found
2022-11-05_14-54-04 [http-nio-8084-exec-2] INFO  c.m.a.services.JwtUserDetailsService - user successfully located
2022-11-05_14-54-04 [http-nio-8084-exec-2] INFO  c.m.a.services.JwtUserDetailsService - user successfully saved!
2022-11-05_14-54-04 [http-nio-8084-exec-2] INFO  c.m.a.services.JwtUserDetailsService - User found
2022-11-05_14-54-04 [http-nio-8084-exec-2] INFO  c.m.a.services.JwtUserDetailsService - user successfully located
2022-11-05_14-54-04 [http-nio-8084-exec-2] INFO  c.m.a.services.JwtUserDetailsService - User found
2022-11-05_14-54-04 [http-nio-8084-exec-2] INFO  c.m.a.services.JwtUserDetailsService - user successfully located
2022-11-05_14-54-04 [http-nio-8084-exec-6] INFO  c.m.a.services.JwtUserDetailsService - user successfully saved!
2022-11-05_14-54-04 [http-nio-8084-exec-2] INFO  c.m.a.services.JwtUserDetailsService - user successfully saved!
2022-11-05_14-54-04 [http-nio-8084-exec-3] INFO  c.m.a.services.JwtUserDetailsService - User found
2022-11-05_14-54-04 [http-nio-8084-exec-3] INFO  c.m.a.services.JwtUserDetailsService - user successfully located
2022-11-05_14-54-04 [http-nio-8084-exec-5] INFO  c.m.a.services.JwtUserDetailsService - User found
2022-11-05_14-54-04 [http-nio-8084-exec-5] INFO  c.m.a.services.JwtUserDetailsService - user successfully located
2022-11-05_14-54-04 [http-nio-8084-exec-2] INFO  c.m.a.services.JwtUserDetailsService - User found
2022-11-05_14-54-04 [http-nio-8084-exec-2] INFO  c.m.a.services.JwtUserDetailsService - user successfully located
2022-11-05_14-54-04 [http-nio-8084-exec-10] INFO  c.m.a.services.JwtUserDetailsService - User found
2022-11-05_14-54-04 [http-nio-8084-exec-10] INFO  c.m.a.services.JwtUserDetailsService - user successfully located
2022-11-05_14-54-04 [http-nio-8084-exec-4] INFO  c.m.a.services.JwtUserDetailsService - User found
2022-11-05_14-54-04 [http-nio-8084-exec-4] INFO  c.m.a.services.JwtUserDetailsService - user successfully located
2022-11-05_14-54-04 [http-nio-8084-exec-3] INFO  c.m.a.services.JwtUserDetailsService - User found
2022-11-05_14-54-04 [http-nio-8084-exec-3] INFO  c.m.a.services.JwtUserDetailsService - user successfully located
2022-11-05_14-54-04 [http-nio-8084-exec-5] INFO  c.m.a.services.JwtUserDetailsService - User found
2022-11-05_14-54-04 [http-nio-8084-exec-5] INFO  c.m.a.services.JwtUserDetailsService - user successfully located
2022-11-05_14-54-04 [http-nio-8084-exec-2] INFO  c.m.a.services.JwtUserDetailsService - User found
2022-11-05_14-54-04 [http-nio-8084-exec-2] INFO  c.m.a.services.JwtUserDetailsService - user successfully located
2022-11-05_14-54-04 [http-nio-8084-exec-7] INFO  c.m.a.services.JwtUserDetailsService - user successfully saved!
2022-11-05_14-54-04 [SpringApplicationShutdownHook] INFO  o.s.o.j.LocalContainerEntityManagerFactoryBean - Closing JPA EntityManagerFactory for persistence unit 'default'
2022-11-05_14-54-04 [SpringApplicationShutdownHook] INFO  com.zaxxer.hikari.HikariDataSource - HikariPool-1 - Shutdown initiated...
2022-11-05_14-54-04 [SpringApplicationShutdownHook] INFO  com.zaxxer.hikari.HikariDataSource - HikariPool-1 - Shutdown completed.
