2022-07-07_07-59-32 [restartedMain] INFO  c.m.a.AuthorizationMicroserviceApplication - Starting AuthorizationMicroserviceApplication using Java 18 on DESKTOP-TM22PUN with PID 6520 (C:\Users\Dharshini\Downloads\mfpe-backend\Authorization-Microservice\target\classes started by Dharshini in C:\Users\Dharshini\Downloads\mfpe-backend\Authorization-Microservice)
2022-07-07_07-59-32 [restartedMain] INFO  c.m.a.AuthorizationMicroserviceApplication - No active profile set, falling back to 1 default profile: "default"
2022-07-07_07-59-32 [restartedMain] INFO  o.s.b.d.e.DevToolsPropertyDefaultsPostProcessor - Devtools property defaults active! Set 'spring.devtools.add-properties' to 'false' to disable
2022-07-07_07-59-32 [restartedMain] INFO  o.s.b.d.e.DevToolsPropertyDefaultsPostProcessor - For additional web related logging consider setting the 'logging.level.web' property to 'DEBUG'
2022-07-07_07-59-32 [restartedMain] INFO  o.s.d.r.c.RepositoryConfigurationDelegate - Bootstrapping Spring Data JPA repositories in DEFAULT mode.
2022-07-07_07-59-32 [restartedMain] INFO  o.s.d.r.c.RepositoryConfigurationDelegate - Finished Spring Data repository scanning in 167 ms. Found 1 JPA repository interfaces.
2022-07-07_07-59-32 [restartedMain] INFO  o.s.cloud.context.scope.GenericScope - BeanFactory id=611a2cff-8a9a-3567-bd12-95978ac3eb1f
2022-07-07_07-59-32 [restartedMain] INFO  o.s.b.w.e.tomcat.TomcatWebServer - Tomcat initialized with port(s): 8084 (http)
2022-07-07_07-59-32 [restartedMain] INFO  o.a.coyote.http11.Http11NioProtocol - Initializing ProtocolHandler ["http-nio-8084"]
2022-07-07_07-59-32 [restartedMain] INFO  o.a.catalina.core.StandardService - Starting service [Tomcat]
2022-07-07_07-59-32 [restartedMain] INFO  o.a.catalina.core.StandardEngine - Starting Servlet engine: [Apache Tomcat/9.0.64]
2022-07-07_07-59-32 [restartedMain] INFO  o.a.c.c.C.[.[localhost].[/auth] - Initializing Spring embedded WebApplicationContext
2022-07-07_07-59-32 [restartedMain] INFO  o.s.b.w.s.c.ServletWebServerApplicationContext - Root WebApplicationContext: initialization completed in 10982 ms
2022-07-07_07-59-32 [restartedMain] INFO  com.zaxxer.hikari.HikariDataSource - HikariPool-1 - Starting...
2022-07-07_07-59-32 [restartedMain] INFO  com.zaxxer.hikari.HikariDataSource - HikariPool-1 - Start completed.
2022-07-07_07-59-32 [restartedMain] INFO  o.s.b.a.h.H2ConsoleAutoConfiguration - H2 console available at '/h2-console'. Database available at 'jdbc:h2:mem:testdb'
2022-07-07_07-59-32 [restartedMain] INFO  o.s.o.j.LocalContainerEntityManagerFactoryBean - Initialized JPA EntityManagerFactory for persistence unit 'default'
2022-07-07_07-59-32 [restartedMain] INFO  o.s.s.web.DefaultSecurityFilterChain - Will secure any request with [org.springframework.security.web.session.DisableEncodeUrlFilter@45b40f95, org.springframework.security.web.context.request.async.WebAsyncManagerIntegrationFilter@22f7b772, org.springframework.security.web.context.SecurityContextPersistenceFilter@5da9f8a9, org.springframework.security.web.header.HeaderWriterFilter@38b142e, org.springframework.web.filter.CorsFilter@3b10b879, org.springframework.security.web.authentication.logout.LogoutFilter@368d62ef, cts.mfpe.authorization.configs.JwtRequestFilter@1efe9bbe, org.springframework.security.web.savedrequest.RequestCacheAwareFilter@397b8616, org.springframework.security.web.servletapi.SecurityContextHolderAwareRequestFilter@57f6a3c4, org.springframework.security.web.authentication.AnonymousAuthenticationFilter@546ab53e, org.springframework.security.web.session.SessionManagementFilter@2cc28e22, org.springframework.security.web.access.ExceptionTranslationFilter@2547f93c, org.springframework.security.web.access.intercept.FilterSecurityInterceptor@376fc35e]
2022-07-07_07-59-32 [restartedMain] INFO  o.a.coyote.http11.Http11NioProtocol - Starting ProtocolHandler ["http-nio-8084"]
2022-07-07_07-59-32 [restartedMain] INFO  o.s.b.w.e.tomcat.TomcatWebServer - Tomcat started on port(s): 8084 (http) with context path '/auth'
2022-07-07_07-59-32 [restartedMain] INFO  c.m.a.AuthorizationMicroserviceApplication - Started AuthorizationMicroserviceApplication in 21.457 seconds (JVM running for 24.619)
2022-07-07_07-59-32 [http-nio-8084-exec-1] INFO  o.a.c.c.C.[.[localhost].[/auth] - Initializing Spring DispatcherServlet 'dispatcherServlet'
2022-07-07_07-59-32 [http-nio-8084-exec-1] INFO  o.s.web.servlet.DispatcherServlet - Initializing Servlet 'dispatcherServlet'
2022-07-07_07-59-32 [http-nio-8084-exec-1] INFO  o.s.web.servlet.DispatcherServlet - Completed initialization in 79 ms
2022-07-07_07-59-32 [http-nio-8084-exec-5] INFO  c.m.a.services.JwtUserDetailsService - user successfully saved!
2022-07-07_07-59-32 [http-nio-8084-exec-6] INFO  c.m.a.services.JwtUserDetailsService - user successfully saved!
2022-07-07_07-59-32 [http-nio-8084-exec-10] INFO  c.m.a.services.JwtUserDetailsService - user successfully saved!
2022-07-07_07-59-32 [http-nio-8084-exec-3] INFO  c.m.a.services.JwtUserDetailsService - user successfully saved!
2022-07-07_07-59-32 [http-nio-8084-exec-9] INFO  c.m.a.services.JwtUserDetailsService - user successfully saved!
2022-07-07_07-59-32 [http-nio-8084-exec-2] INFO  c.m.a.services.JwtUserDetailsService - user successfully saved!
2022-07-07_07-59-32 [http-nio-8084-exec-3] INFO  c.m.a.services.JwtUserDetailsService - user successfully saved!
2022-07-07_07-59-32 [http-nio-8084-exec-10] INFO  c.m.a.services.JwtUserDetailsService - User found
2022-07-07_07-59-32 [http-nio-8084-exec-10] INFO  c.m.a.services.JwtUserDetailsService - user successfully located
2022-07-07_07-59-32 [http-nio-8084-exec-10] INFO  c.m.a.services.JwtUserDetailsService - User found
2022-07-07_07-59-32 [http-nio-8084-exec-10] INFO  c.m.a.services.JwtUserDetailsService - user successfully located
2022-07-07_07-59-32 [SpringApplicationShutdownHook] INFO  o.s.o.j.LocalContainerEntityManagerFactoryBean - Closing JPA EntityManagerFactory for persistence unit 'default'
2022-07-07_07-59-32 [SpringApplicationShutdownHook] INFO  com.zaxxer.hikari.HikariDataSource - HikariPool-1 - Shutdown initiated...
2022-07-07_07-59-32 [SpringApplicationShutdownHook] INFO  com.zaxxer.hikari.HikariDataSource - HikariPool-1 - Shutdown completed.
2022-07-07_10-22-56 [restartedMain] INFO  c.m.a.AuthorizationMicroserviceApplication - Starting AuthorizationMicroserviceApplication using Java 18 on DESKTOP-TM22PUN with PID 11996 (C:\Users\Dharshini\Downloads\mfpe-backend\Authorization-Microservice\target\classes started by Dharshini in C:\Users\Dharshini\Downloads\mfpe-backend\Authorization-Microservice)
2022-07-07_10-22-56 [restartedMain] INFO  c.m.a.AuthorizationMicroserviceApplication - No active profile set, falling back to 1 default profile: "default"
2022-07-07_10-22-56 [restartedMain] INFO  o.s.b.d.e.DevToolsPropertyDefaultsPostProcessor - Devtools property defaults active! Set 'spring.devtools.add-properties' to 'false' to disable
2022-07-07_10-22-56 [restartedMain] INFO  o.s.b.d.e.DevToolsPropertyDefaultsPostProcessor - For additional web related logging consider setting the 'logging.level.web' property to 'DEBUG'
2022-07-07_10-22-56 [restartedMain] INFO  o.s.d.r.c.RepositoryConfigurationDelegate - Bootstrapping Spring Data JPA repositories in DEFAULT mode.
2022-07-07_10-22-56 [restartedMain] INFO  o.s.d.r.c.RepositoryConfigurationDelegate - Finished Spring Data repository scanning in 136 ms. Found 1 JPA repository interfaces.
2022-07-07_10-22-56 [restartedMain] INFO  o.s.cloud.context.scope.GenericScope - BeanFactory id=611a2cff-8a9a-3567-bd12-95978ac3eb1f
2022-07-07_10-22-56 [restartedMain] INFO  o.s.b.w.e.tomcat.TomcatWebServer - Tomcat initialized with port(s): 8084 (http)
2022-07-07_10-22-56 [restartedMain] INFO  o.a.coyote.http11.Http11NioProtocol - Initializing ProtocolHandler ["http-nio-8084"]
2022-07-07_10-22-56 [restartedMain] INFO  o.a.catalina.core.StandardService - Starting service [Tomcat]
2022-07-07_10-22-56 [restartedMain] INFO  o.a.catalina.core.StandardEngine - Starting Servlet engine: [Apache Tomcat/9.0.64]
2022-07-07_10-22-56 [restartedMain] INFO  o.a.c.c.C.[.[localhost].[/auth] - Initializing Spring embedded WebApplicationContext
2022-07-07_10-22-56 [restartedMain] INFO  o.s.b.w.s.c.ServletWebServerApplicationContext - Root WebApplicationContext: initialization completed in 7457 ms
2022-07-07_10-22-56 [restartedMain] INFO  com.zaxxer.hikari.HikariDataSource - HikariPool-1 - Starting...
2022-07-07_10-22-56 [restartedMain] INFO  com.zaxxer.hikari.HikariDataSource - HikariPool-1 - Start completed.
2022-07-07_10-22-56 [restartedMain] INFO  o.s.b.a.h.H2ConsoleAutoConfiguration - H2 console available at '/h2-console'. Database available at 'jdbc:h2:mem:testdb'
2022-07-07_10-22-56 [restartedMain] INFO  o.s.o.j.LocalContainerEntityManagerFactoryBean - Initialized JPA EntityManagerFactory for persistence unit 'default'
2022-07-07_10-22-56 [restartedMain] INFO  o.s.s.web.DefaultSecurityFilterChain - Will secure any request with [org.springframework.security.web.session.DisableEncodeUrlFilter@2f082353, org.springframework.security.web.context.request.async.WebAsyncManagerIntegrationFilter@7bd2f6e, org.springframework.security.web.context.SecurityContextPersistenceFilter@6759ebc0, org.springframework.security.web.header.HeaderWriterFilter@17bd7922, org.springframework.web.filter.CorsFilter@75cccc2b, org.springframework.security.web.authentication.logout.LogoutFilter@4fa6b716, cts.mfpe.authorization.configs.JwtRequestFilter@4e103978, org.springframework.security.web.savedrequest.RequestCacheAwareFilter@5025d67e, org.springframework.security.web.servletapi.SecurityContextHolderAwareRequestFilter@1ceed2fc, org.springframework.security.web.authentication.AnonymousAuthenticationFilter@466e7aab, org.springframework.security.web.session.SessionManagementFilter@71a11b30, org.springframework.security.web.access.ExceptionTranslationFilter@64b6c8fd, org.springframework.security.web.access.intercept.FilterSecurityInterceptor@5d57ac94]
2022-07-07_10-22-56 [restartedMain] INFO  o.a.coyote.http11.Http11NioProtocol - Starting ProtocolHandler ["http-nio-8084"]
2022-07-07_10-22-56 [restartedMain] INFO  o.s.b.w.e.tomcat.TomcatWebServer - Tomcat started on port(s): 8084 (http) with context path '/auth'
2022-07-07_10-22-56 [restartedMain] INFO  c.m.a.AuthorizationMicroserviceApplication - Started AuthorizationMicroserviceApplication in 18.733 seconds (JVM running for 22.043)
2022-07-07_12-15-36 [Thread-1] INFO  o.s.o.j.LocalContainerEntityManagerFactoryBean - Closing JPA EntityManagerFactory for persistence unit 'default'
2022-07-07_12-15-36 [Thread-1] INFO  com.zaxxer.hikari.HikariDataSource - HikariPool-1 - Shutdown initiated...
2022-07-07_12-15-36 [Thread-1] INFO  com.zaxxer.hikari.HikariDataSource - HikariPool-1 - Shutdown completed.
2022-07-07_12-15-47 [restartedMain] INFO  c.m.a.AuthorizationMicroserviceApplication - Starting AuthorizationMicroserviceApplication using Java 18 on DESKTOP-TM22PUN with PID 11996 (C:\Users\Dharshini\Downloads\mfpe-backend\Authorization-Microservice\target\classes started by Dharshini in C:\Users\Dharshini\Downloads\mfpe-backend\Authorization-Microservice)
2022-07-07_12-15-47 [restartedMain] INFO  c.m.a.AuthorizationMicroserviceApplication - No active profile set, falling back to 1 default profile: "default"
2022-07-07_12-15-47 [restartedMain] INFO  o.s.d.r.c.RepositoryConfigurationDelegate - Bootstrapping Spring Data JPA repositories in DEFAULT mode.
2022-07-07_12-15-47 [restartedMain] INFO  o.s.d.r.c.RepositoryConfigurationDelegate - Finished Spring Data repository scanning in 1 ms. Found 0 JPA repository interfaces.
2022-07-07_12-15-47 [restartedMain] INFO  o.s.cloud.context.scope.GenericScope - BeanFactory id=4a404310-2c88-332f-b8a9-3f5bd4910255
2022-07-07_12-15-47 [restartedMain] INFO  o.s.b.w.e.tomcat.TomcatWebServer - Tomcat initialized with port(s): 8084 (http)
2022-07-07_12-15-47 [restartedMain] INFO  o.a.catalina.core.StandardService - Starting service [Tomcat]
2022-07-07_12-15-47 [restartedMain] INFO  o.a.catalina.core.StandardEngine - Starting Servlet engine: [Apache Tomcat/9.0.64]
2022-07-07_12-15-47 [restartedMain] INFO  o.a.c.c.C.[.[localhost].[/auth] - Initializing Spring embedded WebApplicationContext
2022-07-07_12-15-47 [restartedMain] INFO  o.s.b.w.s.c.ServletWebServerApplicationContext - Root WebApplicationContext: initialization completed in 2015 ms
2022-07-07_12-15-47 [restartedMain] INFO  com.zaxxer.hikari.HikariDataSource - HikariPool-3 - Starting...
2022-07-07_12-15-47 [restartedMain] INFO  com.zaxxer.hikari.HikariDataSource - HikariPool-3 - Start completed.
2022-07-07_12-15-47 [restartedMain] INFO  o.s.b.a.h.H2ConsoleAutoConfiguration - H2 console available at '/h2-console'. Database available at 'jdbc:h2:mem:testdb'
2022-07-07_12-15-47 [restartedMain] INFO  o.s.o.j.LocalContainerEntityManagerFactoryBean - Initialized JPA EntityManagerFactory for persistence unit 'default'
2022-07-07_12-15-47 [restartedMain] INFO  o.s.s.web.DefaultSecurityFilterChain - Will secure any request with [org.springframework.security.web.session.DisableEncodeUrlFilter@657d896e, org.springframework.security.web.context.request.async.WebAsyncManagerIntegrationFilter@1d81dae, org.springframework.security.web.context.SecurityContextPersistenceFilter@4bd6ccfa, org.springframework.security.web.header.HeaderWriterFilter@6967e691, org.springframework.security.web.csrf.CsrfFilter@7228bf19, org.springframework.security.web.authentication.logout.LogoutFilter@639a1eda, org.springframework.security.web.authentication.UsernamePasswordAuthenticationFilter@1c9a3147, org.springframework.security.web.authentication.ui.DefaultLoginPageGeneratingFilter@a1436ec, org.springframework.security.web.authentication.ui.DefaultLogoutPageGeneratingFilter@4c8504db, org.springframework.security.web.authentication.www.BasicAuthenticationFilter@4f498736, org.springframework.security.web.savedrequest.RequestCacheAwareFilter@2bf7e435, org.springframework.security.web.servletapi.SecurityContextHolderAwareRequestFilter@7df2ccb4, org.springframework.security.web.authentication.AnonymousAuthenticationFilter@4f764a4a, org.springframework.security.web.session.SessionManagementFilter@7c316412, org.springframework.security.web.access.ExceptionTranslationFilter@7a834855, org.springframework.security.web.access.intercept.FilterSecurityInterceptor@2388e936]
2022-07-07_12-15-47 [restartedMain] INFO  o.s.b.w.e.tomcat.TomcatWebServer - Tomcat started on port(s): 8084 (http) with context path '/auth'
2022-07-07_12-15-47 [restartedMain] INFO  c.m.a.AuthorizationMicroserviceApplication - Started AuthorizationMicroserviceApplication in 4.542 seconds (JVM running for 6779.203)
2022-07-07_12-15-47 [restartedMain] INFO  o.s.b.d.a.ConditionEvaluationDeltaLoggingListener - Condition evaluation delta:


==========================
CONDITION EVALUATION DELTA
==========================


Positive matches:
-----------------

   SpringBootWebSecurityConfiguration.SecurityFilterChainConfiguration matched:
      - AllNestedConditions 2 matched 0 did not; NestedCondition on DefaultWebSecurityCondition.Beans @ConditionalOnMissingBean (types: org.springframework.security.config.annotation.web.configuration.WebSecurityConfigurerAdapter,org.springframework.security.web.SecurityFilterChain; SearchStrategy: all) did not find any beans; NestedCondition on DefaultWebSecurityCondition.Classes @ConditionalOnClass found required classes 'org.springframework.security.web.SecurityFilterChain', 'org.springframework.security.config.annotation.web.builders.HttpSecurity' (DefaultWebSecurityCondition)

   SpringBootWebSecurityConfiguration.WebSecurityEnablerConfiguration matched:
      - @ConditionalOnClass found required class 'org.springframework.security.config.annotation.web.configuration.EnableWebSecurity' (OnClassCondition)
      - @ConditionalOnMissingBean (names: springSecurityFilterChain; SearchStrategy: all) did not find any beans (OnBeanCondition)

   UserDetailsServiceAutoConfiguration matched:
      - @ConditionalOnClass found required class 'org.springframework.security.authentication.AuthenticationManager' (OnClassCondition)
      - @ConditionalOnBean (types: org.springframework.security.config.annotation.ObjectPostProcessor; SearchStrategy: all) found bean 'objectPostProcessor'; @ConditionalOnMissingBean (types: org.springframework.security.authentication.AuthenticationManager,org.springframework.security.authentication.AuthenticationProvider,org.springframework.security.core.userdetails.UserDetailsService,org.springframework.security.authentication.AuthenticationManagerResolver,org.springframework.security.oauth2.jwt.JwtDecoder,org.springframework.security.oauth2.server.resource.introspection.OpaqueTokenIntrospector,org.springframework.security.oauth2.client.registration.ClientRegistrationRepository,org.springframework.security.saml2.provider.service.registration.RelyingPartyRegistrationRepository; SearchStrategy: all) did not find any beans (OnBeanCondition)


Negative matches:
-----------------

    None


Exclusions:
-----------

    None


Unconditional classes:
----------------------

    None



2022-07-07_12-15-47 [Thread-8] INFO  o.s.o.j.LocalContainerEntityManagerFactoryBean - Closing JPA EntityManagerFactory for persistence unit 'default'
2022-07-07_12-15-47 [Thread-8] INFO  com.zaxxer.hikari.HikariDataSource - HikariPool-3 - Shutdown initiated...
2022-07-07_12-15-47 [Thread-8] INFO  com.zaxxer.hikari.HikariDataSource - HikariPool-3 - Shutdown completed.
2022-07-07_12-16-03 [restartedMain] INFO  c.m.a.AuthorizationMicroserviceApplication - Starting AuthorizationMicroserviceApplication using Java 18 on DESKTOP-TM22PUN with PID 11996 (C:\Users\Dharshini\Downloads\mfpe-backend\Authorization-Microservice\target\classes started by Dharshini in C:\Users\Dharshini\Downloads\mfpe-backend\Authorization-Microservice)
2022-07-07_12-16-03 [restartedMain] INFO  c.m.a.AuthorizationMicroserviceApplication - No active profile set, falling back to 1 default profile: "default"
2022-07-07_12-16-03 [restartedMain] INFO  o.s.d.r.c.RepositoryConfigurationDelegate - Bootstrapping Spring Data JPA repositories in DEFAULT mode.
2022-07-07_12-16-03 [restartedMain] INFO  o.s.d.r.c.RepositoryConfigurationDelegate - Finished Spring Data repository scanning in 53 ms. Found 1 JPA repository interfaces.
2022-07-07_12-16-03 [restartedMain] INFO  o.s.cloud.context.scope.GenericScope - BeanFactory id=611a2cff-8a9a-3567-bd12-95978ac3eb1f
2022-07-07_12-16-03 [restartedMain] INFO  o.s.b.w.e.tomcat.TomcatWebServer - Tomcat initialized with port(s): 8084 (http)
2022-07-07_12-16-03 [restartedMain] INFO  o.a.catalina.core.StandardService - Starting service [Tomcat]
2022-07-07_12-16-03 [restartedMain] INFO  o.a.catalina.core.StandardEngine - Starting Servlet engine: [Apache Tomcat/9.0.64]
2022-07-07_12-16-03 [restartedMain] INFO  o.a.c.c.C.[.[localhost].[/auth] - Initializing Spring embedded WebApplicationContext
2022-07-07_12-16-03 [restartedMain] INFO  o.s.b.w.s.c.ServletWebServerApplicationContext - Root WebApplicationContext: initialization completed in 3293 ms
2022-07-07_12-16-03 [restartedMain] INFO  com.zaxxer.hikari.HikariDataSource - HikariPool-4 - Starting...
2022-07-07_12-16-03 [restartedMain] INFO  com.zaxxer.hikari.HikariDataSource - HikariPool-4 - Start completed.
2022-07-07_12-16-03 [restartedMain] INFO  o.s.b.a.h.H2ConsoleAutoConfiguration - H2 console available at '/h2-console'. Database available at 'jdbc:h2:mem:testdb'
2022-07-07_12-16-03 [restartedMain] INFO  o.s.o.j.LocalContainerEntityManagerFactoryBean - Initialized JPA EntityManagerFactory for persistence unit 'default'
2022-07-07_12-16-03 [restartedMain] INFO  o.s.s.web.DefaultSecurityFilterChain - Will secure any request with [org.springframework.security.web.session.DisableEncodeUrlFilter@729510c9, org.springframework.security.web.context.request.async.WebAsyncManagerIntegrationFilter@7d0c2002, org.springframework.security.web.context.SecurityContextPersistenceFilter@533bb188, org.springframework.security.web.header.HeaderWriterFilter@5b3ab323, org.springframework.web.filter.CorsFilter@477eea1, org.springframework.security.web.authentication.logout.LogoutFilter@7d86f42a, cts.mfpe.authorization.configs.JwtRequestFilter@30c08160, org.springframework.security.web.savedrequest.RequestCacheAwareFilter@7f63ca4, org.springframework.security.web.servletapi.SecurityContextHolderAwareRequestFilter@9db24d2, org.springframework.security.web.authentication.AnonymousAuthenticationFilter@2089f37d, org.springframework.security.web.session.SessionManagementFilter@5c24c74a, org.springframework.security.web.access.ExceptionTranslationFilter@dab2645, org.springframework.security.web.access.intercept.FilterSecurityInterceptor@1326ff85]
2022-07-07_12-16-03 [restartedMain] INFO  o.s.b.w.e.tomcat.TomcatWebServer - Tomcat started on port(s): 8084 (http) with context path '/auth'
2022-07-07_12-16-03 [restartedMain] INFO  c.m.a.AuthorizationMicroserviceApplication - Started AuthorizationMicroserviceApplication in 6.157 seconds (JVM running for 6796.941)
2022-07-07_12-16-03 [restartedMain] INFO  o.s.b.d.a.ConditionEvaluationDeltaLoggingListener - Condition evaluation delta:


==========================
CONDITION EVALUATION DELTA
==========================


Positive matches:
-----------------

    None


Negative matches:
-----------------

   SpringBootWebSecurityConfiguration.SecurityFilterChainConfiguration:
      Did not match:
         - AllNestedConditions 1 matched 1 did not; NestedCondition on DefaultWebSecurityCondition.Beans @ConditionalOnMissingBean (types: org.springframework.security.config.annotation.web.configuration.WebSecurityConfigurerAdapter,org.springframework.security.web.SecurityFilterChain; SearchStrategy: all) found beans of type 'org.springframework.security.web.SecurityFilterChain' filterChain; NestedCondition on DefaultWebSecurityCondition.Classes @ConditionalOnClass found required classes 'org.springframework.security.web.SecurityFilterChain', 'org.springframework.security.config.annotation.web.builders.HttpSecurity' (DefaultWebSecurityCondition)

   SpringBootWebSecurityConfiguration.WebSecurityEnablerConfiguration:
      Did not match:
         - @ConditionalOnMissingBean (names: springSecurityFilterChain; SearchStrategy: all) found beans named springSecurityFilterChain (OnBeanCondition)
      Matched:
         - @ConditionalOnClass found required class 'org.springframework.security.config.annotation.web.configuration.EnableWebSecurity' (OnClassCondition)

   UserDetailsServiceAutoConfiguration:
      Did not match:
         - @ConditionalOnMissingBean (types: org.springframework.security.authentication.AuthenticationManager,org.springframework.security.authentication.AuthenticationProvider,org.springframework.security.core.userdetails.UserDetailsService,org.springframework.security.authentication.AuthenticationManagerResolver,org.springframework.security.oauth2.jwt.JwtDecoder,org.springframework.security.oauth2.server.resource.introspection.OpaqueTokenIntrospector,org.springframework.security.oauth2.client.registration.ClientRegistrationRepository,org.springframework.security.saml2.provider.service.registration.RelyingPartyRegistrationRepository; SearchStrategy: all) found beans of type 'org.springframework.security.authentication.AuthenticationManager' authenticationManager and found beans of type 'org.springframework.security.core.userdetails.UserDetailsService' jwtUserDetailsService (OnBeanCondition)
      Matched:
         - @ConditionalOnClass found required class 'org.springframework.security.authentication.AuthenticationManager' (OnClassCondition)


Exclusions:
-----------

    None


Unconditional classes:
----------------------

    None



2022-07-07_12-17-02 [main] INFO  o.s.b.t.c.SpringBootTestContextBootstrapper - Neither @ContextConfiguration nor @ContextHierarchy found for test class [cts.mfpe.authorization.AuthorizationMicroserviceApplicationTests], using SpringBootContextLoader
2022-07-07_12-17-02 [main] INFO  o.s.t.c.s.AbstractContextLoader - Could not detect default resource locations for test class [cts.mfpe.authorization.AuthorizationMicroserviceApplicationTests]: no resource found for suffixes {-context.xml, Context.groovy}.
2022-07-07_12-17-02 [main] INFO  o.s.t.c.s.AnnotationConfigContextLoaderUtils - Could not detect default configuration classes for test class [cts.mfpe.authorization.AuthorizationMicroserviceApplicationTests]: AuthorizationMicroserviceApplicationTests does not declare any static, non-private, non-final, nested classes annotated with @Configuration.
2022-07-07_12-17-02 [main] INFO  o.s.b.t.c.SpringBootTestContextBootstrapper - Found @SpringBootConfiguration cts.mfpe.authorization.AuthorizationMicroserviceApplication for test class cts.mfpe.authorization.AuthorizationMicroserviceApplicationTests
2022-07-07_12-17-02 [main] INFO  o.s.b.t.c.SpringBootTestContextBootstrapper - Loaded default TestExecutionListener class names from location [META-INF/spring.factories]: [org.springframework.boot.test.mock.mockito.MockitoTestExecutionListener, org.springframework.boot.test.mock.mockito.ResetMocksTestExecutionListener, org.springframework.boot.test.autoconfigure.restdocs.RestDocsTestExecutionListener, org.springframework.boot.test.autoconfigure.web.client.MockRestServiceServerResetTestExecutionListener, org.springframework.boot.test.autoconfigure.web.servlet.MockMvcPrintOnlyOnFailureTestExecutionListener, org.springframework.boot.test.autoconfigure.web.servlet.WebDriverTestExecutionListener, org.springframework.boot.test.autoconfigure.webservices.client.MockWebServiceServerTestExecutionListener, org.springframework.test.context.web.ServletTestExecutionListener, org.springframework.test.context.support.DirtiesContextBeforeModesTestExecutionListener, org.springframework.test.context.event.ApplicationEventsTestExecutionListener, org.springframework.test.context.support.DependencyInjectionTestExecutionListener, org.springframework.test.context.support.DirtiesContextTestExecutionListener, org.springframework.test.context.transaction.TransactionalTestExecutionListener, org.springframework.test.context.jdbc.SqlScriptsTestExecutionListener, org.springframework.test.context.event.EventPublishingTestExecutionListener, org.springframework.security.test.context.support.WithSecurityContextTestExecutionListener, org.springframework.security.test.context.support.ReactorContextTestExecutionListener]
2022-07-07_12-17-02 [main] INFO  o.s.b.t.c.SpringBootTestContextBootstrapper - Using TestExecutionListeners: [org.springframework.test.context.web.ServletTestExecutionListener@57459491, org.springframework.test.context.support.DirtiesContextBeforeModesTestExecutionListener@3f0846c6, org.springframework.test.context.event.ApplicationEventsTestExecutionListener@77a98a6a, org.springframework.boot.test.mock.mockito.MockitoTestExecutionListener@78fbff54, org.springframework.boot.test.autoconfigure.SpringBootDependencyInjectionTestExecutionListener@3e10dc6, org.springframework.test.context.support.DirtiesContextTestExecutionListener@7e22550a, org.springframework.test.context.transaction.TransactionalTestExecutionListener@45e37a7e, org.springframework.test.context.jdbc.SqlScriptsTestExecutionListener@62452cc9, org.springframework.test.context.event.EventPublishingTestExecutionListener@6941827a, org.springframework.security.test.context.support.WithSecurityContextTestExecutionListener@5a7005d, org.springframework.security.test.context.support.ReactorContextTestExecutionListener@5bc9ba1d, org.springframework.boot.test.mock.mockito.ResetMocksTestExecutionListener@1021f6c9, org.springframework.boot.test.autoconfigure.restdocs.RestDocsTestExecutionListener@7516e4e5, org.springframework.boot.test.autoconfigure.web.client.MockRestServiceServerResetTestExecutionListener@488eb7f2, org.springframework.boot.test.autoconfigure.web.servlet.MockMvcPrintOnlyOnFailureTestExecutionListener@5e81e5ac, org.springframework.boot.test.autoconfigure.web.servlet.WebDriverTestExecutionListener@4189d70b, org.springframework.boot.test.autoconfigure.webservices.client.MockWebServiceServerTestExecutionListener@3fa2213]
2022-07-07_12-17-07 [main] INFO  c.m.a.AuthorizationMicroserviceApplicationTests - Starting AuthorizationMicroserviceApplicationTests using Java 18 on DESKTOP-TM22PUN with PID 18680 (started by Dharshini in C:\Users\Dharshini\Downloads\mfpe-backend\Authorization-Microservice)
2022-07-07_12-17-07 [main] INFO  c.m.a.AuthorizationMicroserviceApplicationTests - No active profile set, falling back to 1 default profile: "default"
2022-07-07_12-17-07 [main] INFO  o.s.d.r.c.RepositoryConfigurationDelegate - Bootstrapping Spring Data JPA repositories in DEFAULT mode.
2022-07-07_12-17-07 [main] INFO  o.s.d.r.c.RepositoryConfigurationDelegate - Finished Spring Data repository scanning in 233 ms. Found 1 JPA repository interfaces.
2022-07-07_12-17-07 [main] INFO  o.s.cloud.context.scope.GenericScope - BeanFactory id=dfa199d9-b107-35b5-b2b3-8588be592bc4
2022-07-07_12-17-07 [main] INFO  com.zaxxer.hikari.HikariDataSource - HikariPool-1 - Starting...
2022-07-07_12-17-07 [main] INFO  com.zaxxer.hikari.HikariDataSource - HikariPool-1 - Start completed.
2022-07-07_12-17-07 [main] INFO  o.s.o.j.LocalContainerEntityManagerFactoryBean - Initialized JPA EntityManagerFactory for persistence unit 'default'
2022-07-07_12-17-07 [main] INFO  o.s.b.a.h.H2ConsoleAutoConfiguration - H2 console available at '/h2-console'. Database available at 'jdbc:h2:mem:testdb'
2022-07-07_12-17-07 [main] INFO  o.s.s.web.DefaultSecurityFilterChain - Will secure any request with [org.springframework.security.web.session.DisableEncodeUrlFilter@23243bc0, org.springframework.security.web.context.request.async.WebAsyncManagerIntegrationFilter@770c3ca2, org.springframework.security.web.context.SecurityContextPersistenceFilter@47f4dc8d, org.springframework.security.web.header.HeaderWriterFilter@30f99ca1, org.springframework.web.filter.CorsFilter@1267f832, org.springframework.security.web.authentication.logout.LogoutFilter@3ec6f3f1, cts.mfpe.authorization.configs.JwtRequestFilter@6a95c2f6, org.springframework.security.web.savedrequest.RequestCacheAwareFilter@1a3272e0, org.springframework.security.web.servletapi.SecurityContextHolderAwareRequestFilter@7bc3c59f, org.springframework.security.web.authentication.AnonymousAuthenticationFilter@711261c7, org.springframework.security.web.session.SessionManagementFilter@48614fb3, org.springframework.security.web.access.ExceptionTranslationFilter@7e484bd, org.springframework.security.web.access.intercept.FilterSecurityInterceptor@76d220eb]
2022-07-07_12-17-07 [main] INFO  c.m.a.AuthorizationMicroserviceApplicationTests - Started AuthorizationMicroserviceApplicationTests in 40.237 seconds (JVM running for 50.764)
2022-07-07_12-16-03 [http-nio-8084-exec-1] INFO  o.a.c.c.C.[.[localhost].[/auth] - Initializing Spring DispatcherServlet 'dispatcherServlet'
2022-07-07_12-16-03 [http-nio-8084-exec-1] INFO  o.s.web.servlet.DispatcherServlet - Initializing Servlet 'dispatcherServlet'
2022-07-07_12-16-03 [http-nio-8084-exec-1] INFO  o.s.web.servlet.DispatcherServlet - Completed initialization in 72 ms
2022-07-07_12-16-03 [http-nio-8084-exec-2] INFO  c.m.a.services.JwtUserDetailsService - user successfully saved!
2022-07-07_12-16-03 [http-nio-8084-exec-9] INFO  c.m.a.services.JwtUserDetailsService - User found
2022-07-07_12-16-03 [http-nio-8084-exec-9] INFO  c.m.a.services.JwtUserDetailsService - user successfully located
2022-07-07_12-16-03 [http-nio-8084-exec-9] INFO  c.m.a.services.JwtUserDetailsService - User found
2022-07-07_12-16-03 [http-nio-8084-exec-9] INFO  c.m.a.services.JwtUserDetailsService - user successfully located
2022-07-07_12-16-03 [http-nio-8084-exec-3] INFO  c.m.a.services.JwtUserDetailsService - User found
2022-07-07_12-16-03 [http-nio-8084-exec-3] INFO  c.m.a.services.JwtUserDetailsService - user successfully located
2022-07-07_12-16-03 [http-nio-8084-exec-3] INFO  c.m.a.services.JwtUserDetailsService - user successfully saved!
2022-07-07_12-16-03 [http-nio-8084-exec-7] INFO  c.m.a.services.JwtUserDetailsService - User found
2022-07-07_12-16-03 [http-nio-8084-exec-7] INFO  c.m.a.services.JwtUserDetailsService - user successfully located
2022-07-07_12-16-03 [http-nio-8084-exec-7] INFO  c.m.a.services.JwtUserDetailsService - User found
2022-07-07_12-16-03 [http-nio-8084-exec-7] INFO  c.m.a.services.JwtUserDetailsService - user successfully located
2022-07-07_12-16-03 [http-nio-8084-exec-7] INFO  c.m.a.services.JwtUserDetailsService - User found
2022-07-07_12-16-03 [http-nio-8084-exec-7] INFO  c.m.a.services.JwtUserDetailsService - user successfully located
2022-07-07_12-16-03 [http-nio-8084-exec-1] INFO  c.m.a.services.JwtUserDetailsService - User found
2022-07-07_12-16-03 [http-nio-8084-exec-1] INFO  c.m.a.services.JwtUserDetailsService - user successfully located
2022-07-07_12-16-03 [http-nio-8084-exec-1] INFO  c.m.a.services.JwtUserDetailsService - user successfully saved!
2022-07-07_12-16-03 [http-nio-8084-exec-5] INFO  c.m.a.services.JwtUserDetailsService - User found
2022-07-07_12-16-03 [http-nio-8084-exec-5] INFO  c.m.a.services.JwtUserDetailsService - user successfully located
2022-07-07_12-16-03 [http-nio-8084-exec-5] INFO  c.m.a.services.JwtUserDetailsService - User found
2022-07-07_12-16-03 [http-nio-8084-exec-5] INFO  c.m.a.services.JwtUserDetailsService - user successfully located
2022-07-07_12-16-03 [http-nio-8084-exec-5] INFO  c.m.a.services.JwtUserDetailsService - User found
2022-07-07_12-16-03 [http-nio-8084-exec-5] INFO  c.m.a.services.JwtUserDetailsService - user successfully located
2022-07-07_12-16-03 [http-nio-8084-exec-9] INFO  c.m.a.services.JwtUserDetailsService - User found
2022-07-07_12-16-03 [http-nio-8084-exec-9] INFO  c.m.a.services.JwtUserDetailsService - user successfully located
2022-07-07_12-16-03 [http-nio-8084-exec-9] INFO  c.m.a.services.JwtUserDetailsService - User found
2022-07-07_12-16-03 [http-nio-8084-exec-9] INFO  c.m.a.services.JwtUserDetailsService - user successfully located
2022-07-07_12-16-03 [http-nio-8084-exec-9] INFO  c.m.a.services.JwtUserDetailsService - User found
2022-07-07_12-16-03 [http-nio-8084-exec-9] INFO  c.m.a.services.JwtUserDetailsService - user successfully located
2022-07-07_12-16-03 [http-nio-8084-exec-3] INFO  c.m.a.services.JwtUserDetailsService - User found
2022-07-07_12-16-03 [http-nio-8084-exec-3] INFO  c.m.a.services.JwtUserDetailsService - user successfully located
2022-07-07_12-16-03 [http-nio-8084-exec-3] INFO  c.m.a.services.JwtUserDetailsService - user successfully saved!
2022-07-07_12-16-03 [http-nio-8084-exec-8] INFO  c.m.a.services.JwtUserDetailsService - User found
2022-07-07_12-16-03 [http-nio-8084-exec-8] INFO  c.m.a.services.JwtUserDetailsService - user successfully located
2022-07-07_12-16-03 [http-nio-8084-exec-8] INFO  c.m.a.services.JwtUserDetailsService - user successfully saved!
2022-07-07_12-16-03 [http-nio-8084-exec-6] INFO  c.m.a.services.JwtUserDetailsService - user successfully saved!
2022-07-07_12-16-03 [http-nio-8084-exec-10] INFO  c.m.a.services.JwtUserDetailsService - user successfully saved!
2022-07-07_12-16-03 [http-nio-8084-exec-4] INFO  c.m.a.services.JwtUserDetailsService - user successfully saved!
2022-07-07_12-16-03 [http-nio-8084-exec-8] INFO  c.m.a.services.JwtUserDetailsService - user successfully saved!
2022-07-07_12-16-03 [http-nio-8084-exec-2] INFO  c.m.a.services.JwtUserDetailsService - user successfully saved!
2022-07-07_12-16-03 [http-nio-8084-exec-6] INFO  c.m.a.services.JwtUserDetailsService - user successfully saved!
2022-07-07_12-16-03 [http-nio-8084-exec-10] INFO  c.m.a.services.JwtUserDetailsService - user successfully saved!
2022-07-07_12-16-03 [http-nio-8084-exec-4] INFO  c.m.a.services.JwtUserDetailsService - user successfully saved!
2022-07-07_12-16-03 [http-nio-8084-exec-8] INFO  c.m.a.services.JwtUserDetailsService - user successfully saved!
2022-07-07_12-16-03 [http-nio-8084-exec-5] INFO  c.m.a.services.JwtUserDetailsService - User found
2022-07-07_12-16-03 [http-nio-8084-exec-5] INFO  c.m.a.services.JwtUserDetailsService - user successfully located
2022-07-07_12-16-03 [http-nio-8084-exec-5] INFO  c.m.a.services.JwtUserDetailsService - User found
2022-07-07_12-16-03 [http-nio-8084-exec-5] INFO  c.m.a.services.JwtUserDetailsService - user successfully located
2022-07-07_12-16-03 [http-nio-8084-exec-10] INFO  c.m.a.services.JwtUserDetailsService - User found
2022-07-07_12-16-03 [http-nio-8084-exec-10] INFO  c.m.a.services.JwtUserDetailsService - user successfully located
2022-07-07_12-16-03 [http-nio-8084-exec-10] INFO  c.m.a.services.JwtUserDetailsService - user successfully saved!
2022-07-07_12-16-03 [http-nio-8084-exec-4] INFO  c.m.a.services.JwtUserDetailsService - User found
2022-07-07_12-16-03 [http-nio-8084-exec-4] INFO  c.m.a.services.JwtUserDetailsService - user successfully located
2022-07-07_12-16-03 [http-nio-8084-exec-4] INFO  c.m.a.services.JwtUserDetailsService - User found
2022-07-07_12-16-03 [http-nio-8084-exec-4] INFO  c.m.a.services.JwtUserDetailsService - user successfully located
2022-07-07_12-16-03 [http-nio-8084-exec-4] INFO  c.m.a.services.JwtUserDetailsService - User found
2022-07-07_12-16-03 [http-nio-8084-exec-4] INFO  c.m.a.services.JwtUserDetailsService - user successfully located
2022-07-07_12-16-03 [http-nio-8084-exec-8] INFO  c.m.a.services.JwtUserDetailsService - User found
2022-07-07_12-16-03 [http-nio-8084-exec-8] INFO  c.m.a.services.JwtUserDetailsService - user successfully located
2022-07-07_12-16-03 [http-nio-8084-exec-8] INFO  c.m.a.services.JwtUserDetailsService - user successfully saved!
2022-07-07_12-16-03 [http-nio-8084-exec-1] INFO  c.m.a.services.JwtUserDetailsService - User found
2022-07-07_12-16-03 [http-nio-8084-exec-1] INFO  c.m.a.services.JwtUserDetailsService - user successfully located
2022-07-07_12-16-03 [http-nio-8084-exec-1] INFO  c.m.a.services.JwtUserDetailsService - User found
2022-07-07_12-16-03 [http-nio-8084-exec-1] INFO  c.m.a.services.JwtUserDetailsService - user successfully located
2022-07-07_12-16-03 [http-nio-8084-exec-1] INFO  c.m.a.services.JwtUserDetailsService - User found
2022-07-07_12-16-03 [http-nio-8084-exec-1] INFO  c.m.a.services.JwtUserDetailsService - user successfully located
2022-07-07_12-16-03 [http-nio-8084-exec-5] INFO  c.m.a.services.JwtUserDetailsService - User found
2022-07-07_12-16-03 [http-nio-8084-exec-5] INFO  c.m.a.services.JwtUserDetailsService - user successfully located
2022-07-07_12-16-03 [http-nio-8084-exec-5] INFO  c.m.a.services.JwtUserDetailsService - user successfully saved!
2022-07-07_12-16-03 [http-nio-8084-exec-6] INFO  c.m.a.services.JwtUserDetailsService - User found
2022-07-07_12-16-03 [http-nio-8084-exec-6] INFO  c.m.a.services.JwtUserDetailsService - user successfully located
2022-07-07_12-16-03 [http-nio-8084-exec-6] INFO  c.m.a.services.JwtUserDetailsService - User found
2022-07-07_12-16-03 [http-nio-8084-exec-6] INFO  c.m.a.services.JwtUserDetailsService - user successfully located
2022-07-07_12-16-03 [http-nio-8084-exec-6] INFO  c.m.a.services.JwtUserDetailsService - User found
2022-07-07_12-16-03 [http-nio-8084-exec-6] INFO  c.m.a.services.JwtUserDetailsService - user successfully located
2022-07-07_12-16-03 [http-nio-8084-exec-10] INFO  c.m.a.services.JwtUserDetailsService - User found
2022-07-07_12-16-03 [http-nio-8084-exec-10] INFO  c.m.a.services.JwtUserDetailsService - user successfully located
2022-07-07_12-16-03 [http-nio-8084-exec-10] INFO  c.m.a.services.JwtUserDetailsService - user successfully saved!
2022-07-07_12-16-03 [http-nio-8084-exec-3] INFO  c.m.a.services.JwtUserDetailsService - User found
2022-07-07_12-16-03 [http-nio-8084-exec-3] INFO  c.m.a.services.JwtUserDetailsService - user successfully located
2022-07-07_12-16-03 [http-nio-8084-exec-3] INFO  c.m.a.services.JwtUserDetailsService - User found
2022-07-07_12-16-03 [http-nio-8084-exec-3] INFO  c.m.a.services.JwtUserDetailsService - user successfully located
2022-07-07_12-16-03 [http-nio-8084-exec-3] INFO  c.m.a.services.JwtUserDetailsService - User found
2022-07-07_12-16-03 [http-nio-8084-exec-3] INFO  c.m.a.services.JwtUserDetailsService - user successfully located
2022-07-07_12-16-03 [http-nio-8084-exec-8] INFO  c.m.a.services.JwtUserDetailsService - user successfully saved!
2022-07-07_12-16-03 [http-nio-8084-exec-5] INFO  c.m.a.services.JwtUserDetailsService - user successfully saved!
2022-07-07_12-16-03 [http-nio-8084-exec-10] INFO  c.m.a.services.JwtUserDetailsService - User found
2022-07-07_12-16-03 [http-nio-8084-exec-10] INFO  c.m.a.services.JwtUserDetailsService - user successfully located
2022-07-07_12-16-03 [http-nio-8084-exec-10] INFO  c.m.a.services.JwtUserDetailsService - User found
2022-07-07_12-16-03 [http-nio-8084-exec-10] INFO  c.m.a.services.JwtUserDetailsService - user successfully located
2022-07-07_12-16-03 [http-nio-8084-exec-3] INFO  c.m.a.services.JwtUserDetailsService - User found
2022-07-07_12-16-03 [http-nio-8084-exec-3] INFO  c.m.a.services.JwtUserDetailsService - user successfully located
2022-07-07_12-16-03 [http-nio-8084-exec-3] INFO  c.m.a.services.JwtUserDetailsService - User found
2022-07-07_12-16-03 [http-nio-8084-exec-3] INFO  c.m.a.services.JwtUserDetailsService - user successfully located
2022-07-07_12-16-03 [http-nio-8084-exec-7] INFO  c.m.a.services.JwtUserDetailsService - User found
2022-07-07_12-16-03 [http-nio-8084-exec-7] INFO  c.m.a.services.JwtUserDetailsService - user successfully located
2022-07-07_12-16-03 [http-nio-8084-exec-7] INFO  c.m.a.services.JwtUserDetailsService - User found
2022-07-07_12-16-03 [http-nio-8084-exec-7] INFO  c.m.a.services.JwtUserDetailsService - user successfully located
2022-07-07_12-16-03 [http-nio-8084-exec-8] INFO  c.m.a.services.JwtUserDetailsService - User found
2022-07-07_12-16-03 [http-nio-8084-exec-8] INFO  c.m.a.services.JwtUserDetailsService - user successfully located
2022-07-07_12-16-03 [http-nio-8084-exec-8] INFO  c.m.a.services.JwtUserDetailsService - User found
2022-07-07_12-16-03 [http-nio-8084-exec-8] INFO  c.m.a.services.JwtUserDetailsService - user successfully located
2022-07-07_12-16-03 [SpringApplicationShutdownHook] INFO  o.s.o.j.LocalContainerEntityManagerFactoryBean - Closing JPA EntityManagerFactory for persistence unit 'default'
2022-07-07_12-16-03 [SpringApplicationShutdownHook] INFO  com.zaxxer.hikari.HikariDataSource - HikariPool-4 - Shutdown initiated...
2022-07-07_12-16-03 [SpringApplicationShutdownHook] INFO  com.zaxxer.hikari.HikariDataSource - HikariPool-4 - Shutdown completed.
2022-07-07_14-36-29 [restartedMain] INFO  c.m.a.AuthorizationMicroserviceApplication - Starting AuthorizationMicroserviceApplication using Java 18 on DESKTOP-TM22PUN with PID 22380 (C:\Users\Dharshini\Downloads\mfpe-backend\Authorization-Microservice\target\classes started by Dharshini in C:\Users\Dharshini\Downloads\mfpe-backend\Authorization-Microservice)
2022-07-07_14-36-29 [restartedMain] INFO  c.m.a.AuthorizationMicroserviceApplication - No active profile set, falling back to 1 default profile: "default"
2022-07-07_14-36-29 [restartedMain] INFO  o.s.b.d.e.DevToolsPropertyDefaultsPostProcessor - Devtools property defaults active! Set 'spring.devtools.add-properties' to 'false' to disable
2022-07-07_14-36-29 [restartedMain] INFO  o.s.b.d.e.DevToolsPropertyDefaultsPostProcessor - For additional web related logging consider setting the 'logging.level.web' property to 'DEBUG'
2022-07-07_14-36-29 [restartedMain] INFO  o.s.d.r.c.RepositoryConfigurationDelegate - Bootstrapping Spring Data JPA repositories in DEFAULT mode.
2022-07-07_14-36-29 [restartedMain] INFO  o.s.d.r.c.RepositoryConfigurationDelegate - Finished Spring Data repository scanning in 132 ms. Found 1 JPA repository interfaces.
2022-07-07_14-36-29 [restartedMain] INFO  o.s.cloud.context.scope.GenericScope - BeanFactory id=611a2cff-8a9a-3567-bd12-95978ac3eb1f
2022-07-07_14-36-29 [restartedMain] INFO  o.s.b.w.e.tomcat.TomcatWebServer - Tomcat initialized with port(s): 8084 (http)
2022-07-07_14-36-29 [restartedMain] INFO  o.a.coyote.http11.Http11NioProtocol - Initializing ProtocolHandler ["http-nio-8084"]
2022-07-07_14-36-29 [restartedMain] INFO  o.a.catalina.core.StandardService - Starting service [Tomcat]
2022-07-07_14-36-29 [restartedMain] INFO  o.a.catalina.core.StandardEngine - Starting Servlet engine: [Apache Tomcat/9.0.64]
2022-07-07_14-36-29 [restartedMain] INFO  o.a.c.c.C.[.[localhost].[/auth] - Initializing Spring embedded WebApplicationContext
2022-07-07_14-36-29 [restartedMain] INFO  o.s.b.w.s.c.ServletWebServerApplicationContext - Root WebApplicationContext: initialization completed in 7755 ms
2022-07-07_14-36-29 [restartedMain] INFO  com.zaxxer.hikari.HikariDataSource - HikariPool-1 - Starting...
2022-07-07_14-36-29 [restartedMain] INFO  com.zaxxer.hikari.HikariDataSource - HikariPool-1 - Start completed.
2022-07-07_14-36-29 [restartedMain] INFO  o.s.b.a.h.H2ConsoleAutoConfiguration - H2 console available at '/h2-console'. Database available at 'jdbc:h2:mem:testdb'
2022-07-07_14-36-29 [restartedMain] INFO  o.s.o.j.LocalContainerEntityManagerFactoryBean - Initialized JPA EntityManagerFactory for persistence unit 'default'
2022-07-07_14-36-29 [restartedMain] INFO  o.s.s.web.DefaultSecurityFilterChain - Will secure any request with [org.springframework.security.web.session.DisableEncodeUrlFilter@2a933090, org.springframework.security.web.context.request.async.WebAsyncManagerIntegrationFilter@552c04dd, org.springframework.security.web.context.SecurityContextPersistenceFilter@4e7a66ff, org.springframework.security.web.header.HeaderWriterFilter@11d4f65a, org.springframework.web.filter.CorsFilter@35f830de, org.springframework.security.web.authentication.logout.LogoutFilter@424f29e9, cts.mfpe.authorization.configs.JwtRequestFilter@13a4d008, org.springframework.security.web.savedrequest.RequestCacheAwareFilter@36a10a34, org.springframework.security.web.servletapi.SecurityContextHolderAwareRequestFilter@60026287, org.springframework.security.web.authentication.AnonymousAuthenticationFilter@44b4bef7, org.springframework.security.web.session.SessionManagementFilter@38cecc33, org.springframework.security.web.access.ExceptionTranslationFilter@40f71107, org.springframework.security.web.access.intercept.FilterSecurityInterceptor@16454357]
2022-07-07_14-36-29 [restartedMain] INFO  o.a.coyote.http11.Http11NioProtocol - Starting ProtocolHandler ["http-nio-8084"]
2022-07-07_14-36-29 [restartedMain] INFO  o.s.b.w.e.tomcat.TomcatWebServer - Tomcat started on port(s): 8084 (http) with context path '/auth'
2022-07-07_14-36-29 [restartedMain] INFO  c.m.a.AuthorizationMicroserviceApplication - Started AuthorizationMicroserviceApplication in 17.122 seconds (JVM running for 20.554)
2022-07-07_14-36-29 [http-nio-8084-exec-2] INFO  o.a.c.c.C.[.[localhost].[/auth] - Initializing Spring DispatcherServlet 'dispatcherServlet'
2022-07-07_14-36-29 [http-nio-8084-exec-2] INFO  o.s.web.servlet.DispatcherServlet - Initializing Servlet 'dispatcherServlet'
2022-07-07_14-36-29 [http-nio-8084-exec-2] INFO  o.s.web.servlet.DispatcherServlet - Completed initialization in 5 ms
2022-07-07_14-36-29 [http-nio-8084-exec-2] INFO  c.m.a.services.JwtUserDetailsService - user successfully saved!
2022-07-07_14-36-29 [http-nio-8084-exec-3] INFO  c.m.a.services.JwtUserDetailsService - User found
2022-07-07_14-36-29 [http-nio-8084-exec-3] INFO  c.m.a.services.JwtUserDetailsService - user successfully located
2022-07-07_14-36-29 [http-nio-8084-exec-3] INFO  c.m.a.services.JwtUserDetailsService - User found
2022-07-07_14-36-29 [http-nio-8084-exec-3] INFO  c.m.a.services.JwtUserDetailsService - user successfully located
2022-07-07_14-36-29 [http-nio-8084-exec-5] INFO  c.m.a.services.JwtUserDetailsService - User found
2022-07-07_14-36-29 [http-nio-8084-exec-5] INFO  c.m.a.services.JwtUserDetailsService - user successfully located
2022-07-07_14-36-29 [http-nio-8084-exec-5] INFO  c.m.a.services.JwtUserDetailsService - user successfully saved!
2022-07-07_14-36-29 [http-nio-8084-exec-7] INFO  c.m.a.services.JwtUserDetailsService - User found
2022-07-07_14-36-29 [http-nio-8084-exec-7] INFO  c.m.a.services.JwtUserDetailsService - user successfully located
2022-07-07_14-36-29 [http-nio-8084-exec-7] INFO  c.m.a.services.JwtUserDetailsService - User found
2022-07-07_14-36-29 [http-nio-8084-exec-7] INFO  c.m.a.services.JwtUserDetailsService - user successfully located
2022-07-07_14-36-29 [http-nio-8084-exec-7] INFO  c.m.a.services.JwtUserDetailsService - User found
2022-07-07_14-36-29 [http-nio-8084-exec-7] INFO  c.m.a.services.JwtUserDetailsService - user successfully located
2022-07-07_14-36-29 [http-nio-8084-exec-9] INFO  c.m.a.services.JwtUserDetailsService - User found
2022-07-07_14-36-29 [http-nio-8084-exec-9] INFO  c.m.a.services.JwtUserDetailsService - user successfully located
2022-07-07_14-36-29 [http-nio-8084-exec-10] INFO  c.m.a.services.JwtUserDetailsService - User found
2022-07-07_14-36-29 [http-nio-8084-exec-10] INFO  c.m.a.services.JwtUserDetailsService - user successfully located
2022-07-07_14-36-29 [http-nio-8084-exec-2] INFO  c.m.a.services.JwtUserDetailsService - User found
2022-07-07_14-36-29 [http-nio-8084-exec-2] INFO  c.m.a.services.JwtUserDetailsService - user successfully located
2022-07-07_14-36-29 [http-nio-8084-exec-1] INFO  c.m.a.services.JwtUserDetailsService - User found
2022-07-07_14-36-29 [http-nio-8084-exec-1] INFO  c.m.a.services.JwtUserDetailsService - user successfully located
2022-07-07_14-36-29 [http-nio-8084-exec-3] INFO  c.m.a.services.JwtUserDetailsService - User found
2022-07-07_14-36-29 [http-nio-8084-exec-3] INFO  c.m.a.services.JwtUserDetailsService - user successfully located
2022-07-07_14-36-29 [http-nio-8084-exec-4] INFO  c.m.a.services.JwtUserDetailsService - User found
2022-07-07_14-36-29 [http-nio-8084-exec-4] INFO  c.m.a.services.JwtUserDetailsService - user successfully located
2022-07-07_14-36-29 [http-nio-8084-exec-5] INFO  c.m.a.services.JwtUserDetailsService - User found
2022-07-07_14-36-29 [http-nio-8084-exec-5] INFO  c.m.a.services.JwtUserDetailsService - user successfully located
2022-07-07_14-36-29 [http-nio-8084-exec-6] INFO  c.m.a.services.JwtUserDetailsService - User found
2022-07-07_14-36-29 [http-nio-8084-exec-6] INFO  c.m.a.services.JwtUserDetailsService - user successfully located
2022-07-07_14-36-29 [http-nio-8084-exec-7] INFO  c.m.a.services.JwtUserDetailsService - User found
2022-07-07_14-36-29 [http-nio-8084-exec-7] INFO  c.m.a.services.JwtUserDetailsService - user successfully located
2022-07-07_14-36-29 [http-nio-8084-exec-4] INFO  c.m.a.services.JwtUserDetailsService - user successfully saved!
2022-07-07_14-36-29 [http-nio-8084-exec-6] INFO  c.m.a.services.JwtUserDetailsService - User found
2022-07-07_14-36-29 [http-nio-8084-exec-6] INFO  c.m.a.services.JwtUserDetailsService - user successfully located
2022-07-07_14-36-29 [http-nio-8084-exec-6] INFO  c.m.a.services.JwtUserDetailsService - User found
2022-07-07_14-36-29 [http-nio-8084-exec-6] INFO  c.m.a.services.JwtUserDetailsService - user successfully located
2022-07-07_14-36-29 [http-nio-8084-exec-8] INFO  c.m.a.services.JwtUserDetailsService - User found
2022-07-07_14-36-29 [http-nio-8084-exec-8] INFO  c.m.a.services.JwtUserDetailsService - user successfully located
2022-07-07_14-36-29 [http-nio-8084-exec-9] INFO  c.m.a.services.JwtUserDetailsService - User found
2022-07-07_14-36-29 [http-nio-8084-exec-9] INFO  c.m.a.services.JwtUserDetailsService - user successfully located
2022-07-07_14-36-29 [http-nio-8084-exec-1] INFO  c.m.a.services.JwtUserDetailsService - user successfully saved!
2022-07-07_14-36-29 [http-nio-8084-exec-5] INFO  c.m.a.services.JwtUserDetailsService - User found
2022-07-07_14-36-29 [http-nio-8084-exec-5] INFO  c.m.a.services.JwtUserDetailsService - user successfully located
2022-07-07_14-36-29 [http-nio-8084-exec-5] INFO  c.m.a.services.JwtUserDetailsService - User found
2022-07-07_14-36-29 [http-nio-8084-exec-5] INFO  c.m.a.services.JwtUserDetailsService - user successfully located
2022-07-07_14-36-29 [http-nio-8084-exec-8] INFO  c.m.a.services.JwtUserDetailsService - user successfully saved!
2022-07-07_14-36-29 [http-nio-8084-exec-10] INFO  c.m.a.services.JwtUserDetailsService - User found
2022-07-07_14-36-29 [http-nio-8084-exec-10] INFO  c.m.a.services.JwtUserDetailsService - user successfully located
2022-07-07_14-36-29 [http-nio-8084-exec-10] INFO  c.m.a.services.JwtUserDetailsService - User found
2022-07-07_14-36-29 [http-nio-8084-exec-10] INFO  c.m.a.services.JwtUserDetailsService - user successfully located
2022-07-07_14-36-29 [http-nio-8084-exec-1] INFO  c.m.a.services.JwtUserDetailsService - User found
2022-07-07_14-36-29 [http-nio-8084-exec-1] INFO  c.m.a.services.JwtUserDetailsService - user successfully located
2022-07-07_14-36-29 [http-nio-8084-exec-4] INFO  c.m.a.services.JwtUserDetailsService - User found
2022-07-07_14-36-29 [http-nio-8084-exec-4] INFO  c.m.a.services.JwtUserDetailsService - user successfully located
2022-07-07_14-36-29 [http-nio-8084-exec-5] INFO  c.m.a.services.JwtUserDetailsService - User found
2022-07-07_14-36-29 [http-nio-8084-exec-5] INFO  c.m.a.services.JwtUserDetailsService - user successfully located
2022-07-07_14-36-29 [http-nio-8084-exec-6] INFO  c.m.a.services.JwtUserDetailsService - User found
2022-07-07_14-36-29 [http-nio-8084-exec-6] INFO  c.m.a.services.JwtUserDetailsService - user successfully located
2022-07-07_14-36-29 [http-nio-8084-exec-7] INFO  c.m.a.services.JwtUserDetailsService - User found
2022-07-07_14-36-29 [http-nio-8084-exec-7] INFO  c.m.a.services.JwtUserDetailsService - user successfully located
2022-07-07_14-36-29 [http-nio-8084-exec-8] INFO  c.m.a.services.JwtUserDetailsService - User found
2022-07-07_14-36-29 [http-nio-8084-exec-8] INFO  c.m.a.services.JwtUserDetailsService - user successfully located
2022-07-07_14-36-29 [http-nio-8084-exec-9] INFO  c.m.a.services.JwtUserDetailsService - User found
2022-07-07_14-36-29 [http-nio-8084-exec-9] INFO  c.m.a.services.JwtUserDetailsService - user successfully located
2022-07-07_14-36-29 [http-nio-8084-exec-10] INFO  c.m.a.services.JwtUserDetailsService - User found
2022-07-07_14-36-29 [http-nio-8084-exec-10] INFO  c.m.a.services.JwtUserDetailsService - user successfully located
2022-07-07_14-36-29 [http-nio-8084-exec-2] INFO  c.m.a.services.JwtUserDetailsService - User found
2022-07-07_14-36-29 [http-nio-8084-exec-2] INFO  c.m.a.services.JwtUserDetailsService - user successfully located
2022-07-07_14-36-29 [http-nio-8084-exec-1] INFO  c.m.a.services.JwtUserDetailsService - User found
2022-07-07_14-36-29 [http-nio-8084-exec-1] INFO  c.m.a.services.JwtUserDetailsService - user successfully located
2022-07-07_14-36-29 [http-nio-8084-exec-3] INFO  c.m.a.services.JwtUserDetailsService - User found
2022-07-07_14-36-29 [http-nio-8084-exec-3] INFO  c.m.a.services.JwtUserDetailsService - user successfully located
2022-07-07_14-36-29 [http-nio-8084-exec-4] INFO  c.m.a.services.JwtUserDetailsService - User found
2022-07-07_14-36-29 [http-nio-8084-exec-4] INFO  c.m.a.services.JwtUserDetailsService - user successfully located
2022-07-07_14-36-29 [http-nio-8084-exec-5] INFO  c.m.a.services.JwtUserDetailsService - User found
2022-07-07_14-36-29 [http-nio-8084-exec-5] INFO  c.m.a.services.JwtUserDetailsService - user successfully located
2022-07-07_14-36-29 [http-nio-8084-exec-6] INFO  c.m.a.services.JwtUserDetailsService - User found
2022-07-07_14-36-29 [http-nio-8084-exec-6] INFO  c.m.a.services.JwtUserDetailsService - user successfully located
2022-07-07_14-36-29 [http-nio-8084-exec-7] INFO  c.m.a.services.JwtUserDetailsService - User found
2022-07-07_14-36-29 [http-nio-8084-exec-7] INFO  c.m.a.services.JwtUserDetailsService - user successfully located
2022-07-07_14-36-29 [http-nio-8084-exec-9] INFO  c.m.a.services.JwtUserDetailsService - User found
2022-07-07_14-36-29 [http-nio-8084-exec-9] INFO  c.m.a.services.JwtUserDetailsService - user successfully located
2022-07-07_14-36-29 [http-nio-8084-exec-10] INFO  c.m.a.services.JwtUserDetailsService - User found
2022-07-07_14-36-29 [http-nio-8084-exec-10] INFO  c.m.a.services.JwtUserDetailsService - user successfully located
2022-07-07_14-36-29 [http-nio-8084-exec-2] INFO  c.m.a.services.JwtUserDetailsService - User found
2022-07-07_14-36-29 [http-nio-8084-exec-2] INFO  c.m.a.services.JwtUserDetailsService - user successfully located
2022-07-07_14-36-29 [http-nio-8084-exec-1] INFO  c.m.a.services.JwtUserDetailsService - User found
2022-07-07_14-36-29 [http-nio-8084-exec-1] INFO  c.m.a.services.JwtUserDetailsService - user successfully located
2022-07-07_14-36-29 [http-nio-8084-exec-1] INFO  c.m.a.services.JwtUserDetailsService - user successfully saved!
2022-07-07_14-36-29 [http-nio-8084-exec-3] INFO  c.m.a.services.JwtUserDetailsService - User found
2022-07-07_14-36-29 [http-nio-8084-exec-3] INFO  c.m.a.services.JwtUserDetailsService - user successfully located
2022-07-07_14-36-29 [http-nio-8084-exec-3] INFO  c.m.a.services.JwtUserDetailsService - User found
2022-07-07_14-36-29 [http-nio-8084-exec-3] INFO  c.m.a.services.JwtUserDetailsService - user successfully located
2022-07-07_14-36-29 [http-nio-8084-exec-3] INFO  c.m.a.services.JwtUserDetailsService - User found
2022-07-07_14-36-29 [http-nio-8084-exec-3] INFO  c.m.a.services.JwtUserDetailsService - user successfully located
2022-07-07_14-36-29 [http-nio-8084-exec-4] INFO  c.m.a.services.JwtUserDetailsService - User found
2022-07-07_14-36-29 [http-nio-8084-exec-4] INFO  c.m.a.services.JwtUserDetailsService - user successfully located
2022-07-07_14-36-29 [http-nio-8084-exec-5] INFO  c.m.a.services.JwtUserDetailsService - User found
2022-07-07_14-36-29 [http-nio-8084-exec-5] INFO  c.m.a.services.JwtUserDetailsService - user successfully located
2022-07-07_14-36-29 [http-nio-8084-exec-6] INFO  c.m.a.services.JwtUserDetailsService - User found
2022-07-07_14-36-29 [http-nio-8084-exec-6] INFO  c.m.a.services.JwtUserDetailsService - user successfully located
2022-07-07_14-36-29 [http-nio-8084-exec-8] INFO  c.m.a.services.JwtUserDetailsService - User found
2022-07-07_14-36-29 [http-nio-8084-exec-8] INFO  c.m.a.services.JwtUserDetailsService - user successfully located
2022-07-07_14-36-29 [http-nio-8084-exec-9] INFO  c.m.a.services.JwtUserDetailsService - User found
2022-07-07_14-36-29 [http-nio-8084-exec-9] INFO  c.m.a.services.JwtUserDetailsService - user successfully located
2022-07-07_14-36-29 [http-nio-8084-exec-3] INFO  c.m.a.services.JwtUserDetailsService - User found
2022-07-07_14-36-29 [http-nio-8084-exec-3] INFO  c.m.a.services.JwtUserDetailsService - user successfully located
2022-07-07_14-36-29 [http-nio-8084-exec-3] INFO  c.m.a.services.JwtUserDetailsService - user successfully saved!
2022-07-07_14-36-29 [http-nio-8084-exec-4] INFO  c.m.a.services.JwtUserDetailsService - User found
2022-07-07_14-36-29 [http-nio-8084-exec-4] INFO  c.m.a.services.JwtUserDetailsService - user successfully located
2022-07-07_14-36-29 [http-nio-8084-exec-4] INFO  c.m.a.services.JwtUserDetailsService - User found
2022-07-07_14-36-29 [http-nio-8084-exec-4] INFO  c.m.a.services.JwtUserDetailsService - user successfully located
2022-07-07_14-36-29 [http-nio-8084-exec-4] INFO  c.m.a.services.JwtUserDetailsService - User found
2022-07-07_14-36-29 [http-nio-8084-exec-4] INFO  c.m.a.services.JwtUserDetailsService - user successfully located
2022-07-07_14-36-29 [http-nio-8084-exec-6] INFO  c.m.a.services.JwtUserDetailsService - User found
2022-07-07_14-36-29 [http-nio-8084-exec-6] INFO  c.m.a.services.JwtUserDetailsService - user successfully located
2022-07-07_14-36-29 [http-nio-8084-exec-7] INFO  c.m.a.services.JwtUserDetailsService - User found
2022-07-07_14-36-29 [http-nio-8084-exec-7] INFO  c.m.a.services.JwtUserDetailsService - user successfully located
2022-07-07_14-36-29 [http-nio-8084-exec-8] INFO  c.m.a.services.JwtUserDetailsService - User found
2022-07-07_14-36-29 [http-nio-8084-exec-8] INFO  c.m.a.services.JwtUserDetailsService - user successfully located
2022-07-07_14-36-29 [http-nio-8084-exec-9] INFO  c.m.a.services.JwtUserDetailsService - User found
2022-07-07_14-36-29 [http-nio-8084-exec-9] INFO  c.m.a.services.JwtUserDetailsService - user successfully located
2022-07-07_14-36-29 [http-nio-8084-exec-10] INFO  c.m.a.services.JwtUserDetailsService - User found
2022-07-07_14-36-29 [http-nio-8084-exec-10] INFO  c.m.a.services.JwtUserDetailsService - user successfully located
2022-07-07_14-36-29 [http-nio-8084-exec-2] INFO  c.m.a.services.JwtUserDetailsService - User found
2022-07-07_14-36-29 [http-nio-8084-exec-2] INFO  c.m.a.services.JwtUserDetailsService - user successfully located
2022-07-07_14-36-29 [http-nio-8084-exec-1] INFO  c.m.a.services.JwtUserDetailsService - User found
2022-07-07_14-36-29 [http-nio-8084-exec-1] INFO  c.m.a.services.JwtUserDetailsService - user successfully located
2022-07-07_14-36-29 [http-nio-8084-exec-3] INFO  c.m.a.services.JwtUserDetailsService - User found
2022-07-07_14-36-29 [http-nio-8084-exec-3] INFO  c.m.a.services.JwtUserDetailsService - user successfully located
2022-07-07_14-36-29 [http-nio-8084-exec-4] INFO  c.m.a.services.JwtUserDetailsService - User found
2022-07-07_14-36-29 [http-nio-8084-exec-4] INFO  c.m.a.services.JwtUserDetailsService - user successfully located
2022-07-07_14-36-29 [http-nio-8084-exec-5] INFO  c.m.a.services.JwtUserDetailsService - User found
2022-07-07_14-36-29 [http-nio-8084-exec-5] INFO  c.m.a.services.JwtUserDetailsService - user successfully located
2022-07-07_14-36-29 [http-nio-8084-exec-6] INFO  c.m.a.services.JwtUserDetailsService - User found
2022-07-07_14-36-29 [http-nio-8084-exec-6] INFO  c.m.a.services.JwtUserDetailsService - user successfully located
2022-07-07_14-36-29 [http-nio-8084-exec-8] INFO  c.m.a.services.JwtUserDetailsService - User found
2022-07-07_14-36-29 [http-nio-8084-exec-8] INFO  c.m.a.services.JwtUserDetailsService - user successfully located
2022-07-07_14-36-29 [http-nio-8084-exec-9] INFO  c.m.a.services.JwtUserDetailsService - User found
2022-07-07_14-36-29 [http-nio-8084-exec-9] INFO  c.m.a.services.JwtUserDetailsService - user successfully located
2022-07-07_14-36-29 [http-nio-8084-exec-10] INFO  c.m.a.services.JwtUserDetailsService - User found
2022-07-07_14-36-29 [http-nio-8084-exec-10] INFO  c.m.a.services.JwtUserDetailsService - user successfully located
2022-07-07_14-36-29 [http-nio-8084-exec-2] INFO  c.m.a.services.JwtUserDetailsService - User found
2022-07-07_14-36-29 [http-nio-8084-exec-2] INFO  c.m.a.services.JwtUserDetailsService - user successfully located
2022-07-07_14-36-29 [http-nio-8084-exec-1] INFO  c.m.a.services.JwtUserDetailsService - User found
2022-07-07_14-36-29 [http-nio-8084-exec-1] INFO  c.m.a.services.JwtUserDetailsService - user successfully located
2022-07-07_14-36-29 [http-nio-8084-exec-3] INFO  c.m.a.services.JwtUserDetailsService - User found
2022-07-07_14-36-29 [http-nio-8084-exec-3] INFO  c.m.a.services.JwtUserDetailsService - user successfully located
2022-07-07_14-36-29 [SpringApplicationShutdownHook] INFO  o.s.o.j.LocalContainerEntityManagerFactoryBean - Closing JPA EntityManagerFactory for persistence unit 'default'
2022-07-07_14-36-29 [SpringApplicationShutdownHook] INFO  com.zaxxer.hikari.HikariDataSource - HikariPool-1 - Shutdown initiated...
2022-07-07_14-36-29 [SpringApplicationShutdownHook] INFO  com.zaxxer.hikari.HikariDataSource - HikariPool-1 - Shutdown completed.
