2022-11-05_12-50-25 [http-nio-8084-exec-9] ERROR c.m.a.e.GlobalExceptionHandler - User with user name dharshiniBalakrishnan already exists
2022-11-05_12-50-25 [http-nio-8084-exec-5] ERROR c.m.a.e.GlobalExceptionHandler - User with user name dharshiniBalakrishnan already exists
2022-11-05_12-50-25 [http-nio-8084-exec-3] ERROR c.m.a.e.GlobalExceptionHandler - INVALID_CREDENTIALS
2022-11-05_12-50-25 [http-nio-8084-exec-4] ERROR c.m.a.e.GlobalExceptionHandler - INVALID_CREDENTIALS
2022-11-05_12-50-25 [http-nio-8084-exec-6] ERROR c.m.a.e.GlobalExceptionHandler - User with user name  already exists
2022-11-05_14-36-52 [http-nio-8084-exec-8] ERROR c.m.a.e.GlobalExceptionHandler - User with user name dharshu already exists
2022-11-05_14-50-03 [restartedMain] ERROR o.s.b.w.e.tomcat.TomcatStarter - Error starting Tomcat context. Exception: org.springframework.beans.factory.UnsatisfiedDependencyException. Message: Error creating bean with name 'jwtRequestFilter': Unsatisfied dependency expressed through field 'jwtUserDetailsService'; nested exception is org.springframework.beans.factory.UnsatisfiedDependencyException: Error creating bean with name 'jwtUserDetailsService': Unsatisfied dependency expressed through field 'userRepo'; nested exception is org.springframework.beans.factory.BeanCreationException: Error creating bean with name 'userRepository' defined in cts.mfpe.authorization.repos.UserRepository defined in @EnableJpaRepositories declared on JpaRepositoriesRegistrar.EnableJpaRepositoriesConfiguration: Invocation of init method failed; nested exception is org.springframework.data.repository.query.QueryCreationException: Could not create query for public abstract cts.mfpe.authorization.entities.User cts.mfpe.authorization.repos.UserRepository.findByUsername(java.lang.String); Reason: Failed to create query for method public abstract cts.mfpe.authorization.entities.User cts.mfpe.authorization.repos.UserRepository.findByUsername(java.lang.String)! No property 'username' found for type 'User'; nested exception is java.lang.IllegalArgumentException: Failed to create query for method public abstract cts.mfpe.authorization.entities.User cts.mfpe.authorization.repos.UserRepository.findByUsername(java.lang.String)! No property 'username' found for type 'User'
2022-11-05_14-50-03 [restartedMain] ERROR o.s.boot.SpringApplication - Application run failed
org.springframework.context.ApplicationContextException: Unable to start web server; nested exception is org.springframework.boot.web.server.WebServerException: Unable to start embedded Tomcat
	at org.springframework.boot.web.servlet.context.ServletWebServerApplicationContext.onRefresh(ServletWebServerApplicationContext.java:165)
	at org.springframework.context.support.AbstractApplicationContext.refresh(AbstractApplicationContext.java:577)
	at org.springframework.boot.web.servlet.context.ServletWebServerApplicationContext.refresh(ServletWebServerApplicationContext.java:147)
	at org.springframework.boot.SpringApplication.refresh(SpringApplication.java:734)
	at org.springframework.boot.SpringApplication.refreshContext(SpringApplication.java:408)
	at org.springframework.boot.SpringApplication.run(SpringApplication.java:308)
	at org.springframework.boot.SpringApplication.run(SpringApplication.java:1306)
	at org.springframework.boot.SpringApplication.run(SpringApplication.java:1295)
	at cts.mfpe.authorization.AuthorizationMicroserviceApplication.main(AuthorizationMicroserviceApplication.java:10)
	at java.base/jdk.internal.reflect.DirectMethodHandleAccessor.invoke(DirectMethodHandleAccessor.java:104)
	at java.base/java.lang.reflect.Method.invoke(Method.java:577)
	at org.springframework.boot.devtools.restart.RestartLauncher.run(RestartLauncher.java:49)
Caused by: org.springframework.boot.web.server.WebServerException: Unable to start embedded Tomcat
	at org.springframework.boot.web.embedded.tomcat.TomcatWebServer.initialize(TomcatWebServer.java:142)
	at org.springframework.boot.web.embedded.tomcat.TomcatWebServer.<init>(TomcatWebServer.java:104)
	at org.springframework.boot.web.embedded.tomcat.TomcatServletWebServerFactory.getTomcatWebServer(TomcatServletWebServerFactory.java:479)
	at org.springframework.boot.web.embedded.tomcat.TomcatServletWebServerFactory.getWebServer(TomcatServletWebServerFactory.java:211)
	at org.springframework.boot.web.servlet.context.ServletWebServerApplicationContext.createWebServer(ServletWebServerApplicationContext.java:184)
	at org.springframework.boot.web.servlet.context.ServletWebServerApplicationContext.onRefresh(ServletWebServerApplicationContext.java:162)
	... 11 common frames omitted
Caused by: org.springframework.beans.factory.UnsatisfiedDependencyException: Error creating bean with name 'jwtRequestFilter': Unsatisfied dependency expressed through field 'jwtUserDetailsService'; nested exception is org.springframework.beans.factory.UnsatisfiedDependencyException: Error creating bean with name 'jwtUserDetailsService': Unsatisfied dependency expressed through field 'userRepo'; nested exception is org.springframework.beans.factory.BeanCreationException: Error creating bean with name 'userRepository' defined in cts.mfpe.authorization.repos.UserRepository defined in @EnableJpaRepositories declared on JpaRepositoriesRegistrar.EnableJpaRepositoriesConfiguration: Invocation of init method failed; nested exception is org.springframework.data.repository.query.QueryCreationException: Could not create query for public abstract cts.mfpe.authorization.entities.User cts.mfpe.authorization.repos.UserRepository.findByUsername(java.lang.String); Reason: Failed to create query for method public abstract cts.mfpe.authorization.entities.User cts.mfpe.authorization.repos.UserRepository.findByUsername(java.lang.String)! No property 'username' found for type 'User'; nested exception is java.lang.IllegalArgumentException: Failed to create query for method public abstract cts.mfpe.authorization.entities.User cts.mfpe.authorization.repos.UserRepository.findByUsername(java.lang.String)! No property 'username' found for type 'User'
	at org.springframework.beans.factory.annotation.AutowiredAnnotationBeanPostProcessor$AutowiredFieldElement.resolveFieldValue(AutowiredAnnotationBeanPostProcessor.java:659)
	at org.springframework.beans.factory.annotation.AutowiredAnnotationBeanPostProcessor$AutowiredFieldElement.inject(AutowiredAnnotationBeanPostProcessor.java:639)
	at org.springframework.beans.factory.annotation.InjectionMetadata.inject(InjectionMetadata.java:119)
	at org.springframework.beans.factory.annotation.AutowiredAnnotationBeanPostProcessor.postProcessProperties(AutowiredAnnotationBeanPostProcessor.java:399)
	at org.springframework.beans.factory.support.AbstractAutowireCapableBeanFactory.populateBean(AbstractAutowireCapableBeanFactory.java:1431)
	at org.springframework.beans.factory.support.AbstractAutowireCapableBeanFactory.doCreateBean(AbstractAutowireCapableBeanFactory.java:619)
	at org.springframework.beans.factory.support.AbstractAutowireCapableBeanFactory.createBean(AbstractAutowireCapableBeanFactory.java:542)
	at org.springframework.beans.factory.support.AbstractBeanFactory.lambda$doGetBean$0(AbstractBeanFactory.java:335)
	at org.springframework.beans.factory.support.DefaultSingletonBeanRegistry.getSingleton(DefaultSingletonBeanRegistry.java:234)
	at org.springframework.beans.factory.support.AbstractBeanFactory.doGetBean(AbstractBeanFactory.java:333)
	at org.springframework.beans.factory.support.AbstractBeanFactory.getBean(AbstractBeanFactory.java:213)
	at org.springframework.boot.web.servlet.ServletContextInitializerBeans.getOrderedBeansOfType(ServletContextInitializerBeans.java:212)
	at org.springframework.boot.web.servlet.ServletContextInitializerBeans.addAsRegistrationBean(ServletContextInitializerBeans.java:175)
	at org.springframework.boot.web.servlet.ServletContextInitializerBeans.addAsRegistrationBean(ServletContextInitializerBeans.java:170)
	at org.springframework.boot.web.servlet.ServletContextInitializerBeans.addAdaptableBeans(ServletContextInitializerBeans.java:155)
	at org.springframework.boot.web.servlet.ServletContextInitializerBeans.<init>(ServletContextInitializerBeans.java:87)
	at org.springframework.boot.web.servlet.context.ServletWebServerApplicationContext.getServletContextInitializerBeans(ServletWebServerApplicationContext.java:262)
	at org.springframework.boot.web.servlet.context.ServletWebServerApplicationContext.selfInitialize(ServletWebServerApplicationContext.java:236)
	at org.springframework.boot.web.embedded.tomcat.TomcatStarter.onStartup(TomcatStarter.java:53)
	at org.apache.catalina.core.StandardContext.startInternal(StandardContext.java:5219)
	at org.apache.catalina.util.LifecycleBase.start(LifecycleBase.java:183)
	at org.apache.catalina.core.ContainerBase$StartChild.call(ContainerBase.java:1396)
	at org.apache.catalina.core.ContainerBase$StartChild.call(ContainerBase.java:1386)
	at java.base/java.util.concurrent.FutureTask.run(FutureTask.java:264)
	at org.apache.tomcat.util.threads.InlineExecutorService.execute(InlineExecutorService.java:75)
	at java.base/java.util.concurrent.AbstractExecutorService.submit(AbstractExecutorService.java:145)
	at org.apache.catalina.core.ContainerBase.startInternal(ContainerBase.java:919)
	at org.apache.catalina.core.StandardHost.startInternal(StandardHost.java:835)
	at org.apache.catalina.util.LifecycleBase.start(LifecycleBase.java:183)
	at org.apache.catalina.core.ContainerBase$StartChild.call(ContainerBase.java:1396)
	at org.apache.catalina.core.ContainerBase$StartChild.call(ContainerBase.java:1386)
	at java.base/java.util.concurrent.FutureTask.run(FutureTask.java:264)
	at org.apache.tomcat.util.threads.InlineExecutorService.execute(InlineExecutorService.java:75)
	at java.base/java.util.concurrent.AbstractExecutorService.submit(AbstractExecutorService.java:145)
	at org.apache.catalina.core.ContainerBase.startInternal(ContainerBase.java:919)
	at org.apache.catalina.core.StandardEngine.startInternal(StandardEngine.java:263)
	at org.apache.catalina.util.LifecycleBase.start(LifecycleBase.java:183)
	at org.apache.catalina.core.StandardService.startInternal(StandardService.java:432)
	at org.apache.catalina.util.LifecycleBase.start(LifecycleBase.java:183)
	at org.apache.catalina.core.StandardServer.startInternal(StandardServer.java:930)
	at org.apache.catalina.util.LifecycleBase.start(LifecycleBase.java:183)
	at org.apache.catalina.startup.Tomcat.start(Tomcat.java:486)
	at org.springframework.boot.web.embedded.tomcat.TomcatWebServer.initialize(TomcatWebServer.java:123)
	... 16 common frames omitted
Caused by: org.springframework.beans.factory.UnsatisfiedDependencyException: Error creating bean with name 'jwtUserDetailsService': Unsatisfied dependency expressed through field 'userRepo'; nested exception is org.springframework.beans.factory.BeanCreationException: Error creating bean with name 'userRepository' defined in cts.mfpe.authorization.repos.UserRepository defined in @EnableJpaRepositories declared on JpaRepositoriesRegistrar.EnableJpaRepositoriesConfiguration: Invocation of init method failed; nested exception is org.springframework.data.repository.query.QueryCreationException: Could not create query for public abstract cts.mfpe.authorization.entities.User cts.mfpe.authorization.repos.UserRepository.findByUsername(java.lang.String); Reason: Failed to create query for method public abstract cts.mfpe.authorization.entities.User cts.mfpe.authorization.repos.UserRepository.findByUsername(java.lang.String)! No property 'username' found for type 'User'; nested exception is java.lang.IllegalArgumentException: Failed to create query for method public abstract cts.mfpe.authorization.entities.User cts.mfpe.authorization.repos.UserRepository.findByUsername(java.lang.String)! No property 'username' found for type 'User'
	at org.springframework.beans.factory.annotation.AutowiredAnnotationBeanPostProcessor$AutowiredFieldElement.resolveFieldValue(AutowiredAnnotationBeanPostProcessor.java:659)
	at org.springframework.beans.factory.annotation.AutowiredAnnotationBeanPostProcessor$AutowiredFieldElement.inject(AutowiredAnnotationBeanPostProcessor.java:639)
	at org.springframework.beans.factory.annotation.InjectionMetadata.inject(InjectionMetadata.java:119)
	at org.springframework.beans.factory.annotation.AutowiredAnnotationBeanPostProcessor.postProcessProperties(AutowiredAnnotationBeanPostProcessor.java:399)
	at org.springframework.beans.factory.support.AbstractAutowireCapableBeanFactory.populateBean(AbstractAutowireCapableBeanFactory.java:1431)
	at org.springframework.beans.factory.support.AbstractAutowireCapableBeanFactory.doCreateBean(AbstractAutowireCapableBeanFactory.java:619)
	at org.springframework.beans.factory.support.AbstractAutowireCapableBeanFactory.createBean(AbstractAutowireCapableBeanFactory.java:542)
	at org.springframework.beans.factory.support.AbstractBeanFactory.lambda$doGetBean$0(AbstractBeanFactory.java:335)
	at org.springframework.beans.factory.support.DefaultSingletonBeanRegistry.getSingleton(DefaultSingletonBeanRegistry.java:234)
	at org.springframework.beans.factory.support.AbstractBeanFactory.doGetBean(AbstractBeanFactory.java:333)
	at org.springframework.beans.factory.support.AbstractBeanFactory.getBean(AbstractBeanFactory.java:208)
	at org.springframework.beans.factory.config.DependencyDescriptor.resolveCandidate(DependencyDescriptor.java:276)
	at org.springframework.beans.factory.support.DefaultListableBeanFactory.doResolveDependency(DefaultListableBeanFactory.java:1391)
	at org.springframework.beans.factory.support.DefaultListableBeanFactory.resolveDependency(DefaultListableBeanFactory.java:1311)
	at org.springframework.beans.factory.annotation.AutowiredAnnotationBeanPostProcessor$AutowiredFieldElement.resolveFieldValue(AutowiredAnnotationBeanPostProcessor.java:656)
	... 58 common frames omitted
Caused by: org.springframework.beans.factory.BeanCreationException: Error creating bean with name 'userRepository' defined in cts.mfpe.authorization.repos.UserRepository defined in @EnableJpaRepositories declared on JpaRepositoriesRegistrar.EnableJpaRepositoriesConfiguration: Invocation of init method failed; nested exception is org.springframework.data.repository.query.QueryCreationException: Could not create query for public abstract cts.mfpe.authorization.entities.User cts.mfpe.authorization.repos.UserRepository.findByUsername(java.lang.String); Reason: Failed to create query for method public abstract cts.mfpe.authorization.entities.User cts.mfpe.authorization.repos.UserRepository.findByUsername(java.lang.String)! No property 'username' found for type 'User'; nested exception is java.lang.IllegalArgumentException: Failed to create query for method public abstract cts.mfpe.authorization.entities.User cts.mfpe.authorization.repos.UserRepository.findByUsername(java.lang.String)! No property 'username' found for type 'User'
	at org.springframework.beans.factory.support.AbstractAutowireCapableBeanFactory.initializeBean(AbstractAutowireCapableBeanFactory.java:1804)
	at org.springframework.beans.factory.support.AbstractAutowireCapableBeanFactory.doCreateBean(AbstractAutowireCapableBeanFactory.java:620)
	at org.springframework.beans.factory.support.AbstractAutowireCapableBeanFactory.createBean(AbstractAutowireCapableBeanFactory.java:542)
	at org.springframework.beans.factory.support.AbstractBeanFactory.lambda$doGetBean$0(AbstractBeanFactory.java:335)
	at org.springframework.beans.factory.support.DefaultSingletonBeanRegistry.getSingleton(DefaultSingletonBeanRegistry.java:234)
	at org.springframework.beans.factory.support.AbstractBeanFactory.doGetBean(AbstractBeanFactory.java:333)
	at org.springframework.beans.factory.support.AbstractBeanFactory.getBean(AbstractBeanFactory.java:208)
	at org.springframework.beans.factory.config.DependencyDescriptor.resolveCandidate(DependencyDescriptor.java:276)
	at org.springframework.beans.factory.support.DefaultListableBeanFactory.doResolveDependency(DefaultListableBeanFactory.java:1391)
	at org.springframework.beans.factory.support.DefaultListableBeanFactory.resolveDependency(DefaultListableBeanFactory.java:1311)
	at org.springframework.beans.factory.annotation.AutowiredAnnotationBeanPostProcessor$AutowiredFieldElement.resolveFieldValue(AutowiredAnnotationBeanPostProcessor.java:656)
	... 72 common frames omitted
Caused by: org.springframework.data.repository.query.QueryCreationException: Could not create query for public abstract cts.mfpe.authorization.entities.User cts.mfpe.authorization.repos.UserRepository.findByUsername(java.lang.String); Reason: Failed to create query for method public abstract cts.mfpe.authorization.entities.User cts.mfpe.authorization.repos.UserRepository.findByUsername(java.lang.String)! No property 'username' found for type 'User'; nested exception is java.lang.IllegalArgumentException: Failed to create query for method public abstract cts.mfpe.authorization.entities.User cts.mfpe.authorization.repos.UserRepository.findByUsername(java.lang.String)! No property 'username' found for type 'User'
	at org.springframework.data.repository.query.QueryCreationException.create(QueryCreationException.java:101)
	at org.springframework.data.repository.core.support.QueryExecutorMethodInterceptor.lookupQuery(QueryExecutorMethodInterceptor.java:107)
	at org.springframework.data.repository.core.support.QueryExecutorMethodInterceptor.lambda$mapMethodsToQuery$1(QueryExecutorMethodInterceptor.java:95)
	at java.base/java.util.stream.ReferencePipeline$3$1.accept(ReferencePipeline.java:197)
	at java.base/java.util.Iterator.forEachRemaining(Iterator.java:133)
	at java.base/java.util.Collections$UnmodifiableCollection$1.forEachRemaining(Collections.java:1061)
	at java.base/java.util.Spliterators$IteratorSpliterator.forEachRemaining(Spliterators.java:1845)
	at java.base/java.util.stream.AbstractPipeline.copyInto(AbstractPipeline.java:509)
	at java.base/java.util.stream.AbstractPipeline.wrapAndCopyInto(AbstractPipeline.java:499)
	at java.base/java.util.stream.ReduceOps$ReduceOp.evaluateSequential(ReduceOps.java:921)
	at java.base/java.util.stream.AbstractPipeline.evaluate(AbstractPipeline.java:234)
	at java.base/java.util.stream.ReferencePipeline.collect(ReferencePipeline.java:682)
	at org.springframework.data.repository.core.support.QueryExecutorMethodInterceptor.mapMethodsToQuery(QueryExecutorMethodInterceptor.java:97)
	at org.springframework.data.repository.core.support.QueryExecutorMethodInterceptor.lambda$new$0(QueryExecutorMethodInterceptor.java:87)
	at java.base/java.util.Optional.map(Optional.java:260)
	at org.springframework.data.repository.core.support.QueryExecutorMethodInterceptor.<init>(QueryExecutorMethodInterceptor.java:87)
	at org.springframework.data.repository.core.support.RepositoryFactorySupport.getRepository(RepositoryFactorySupport.java:365)
	at org.springframework.data.repository.core.support.RepositoryFactoryBeanSupport.lambda$afterPropertiesSet$5(RepositoryFactoryBeanSupport.java:323)
	at org.springframework.data.util.Lazy.getNullable(Lazy.java:231)
	at org.springframework.data.util.Lazy.get(Lazy.java:115)
	at org.springframework.data.repository.core.support.RepositoryFactoryBeanSupport.afterPropertiesSet(RepositoryFactoryBeanSupport.java:329)
	at org.springframework.data.jpa.repository.support.JpaRepositoryFactoryBean.afterPropertiesSet(JpaRepositoryFactoryBean.java:144)
	at org.springframework.beans.factory.support.AbstractAutowireCapableBeanFactory.invokeInitMethods(AbstractAutowireCapableBeanFactory.java:1863)
	at org.springframework.beans.factory.support.AbstractAutowireCapableBeanFactory.initializeBean(AbstractAutowireCapableBeanFactory.java:1800)
	... 82 common frames omitted
Caused by: java.lang.IllegalArgumentException: Failed to create query for method public abstract cts.mfpe.authorization.entities.User cts.mfpe.authorization.repos.UserRepository.findByUsername(java.lang.String)! No property 'username' found for type 'User'
	at org.springframework.data.jpa.repository.query.PartTreeJpaQuery.<init>(PartTreeJpaQuery.java:96)
	at org.springframework.data.jpa.repository.query.JpaQueryLookupStrategy$CreateQueryLookupStrategy.resolveQuery(JpaQueryLookupStrategy.java:119)
	at org.springframework.data.jpa.repository.query.JpaQueryLookupStrategy$CreateIfNotFoundQueryLookupStrategy.resolveQuery(JpaQueryLookupStrategy.java:259)
	at org.springframework.data.jpa.repository.query.JpaQueryLookupStrategy$AbstractQueryLookupStrategy.resolveQuery(JpaQueryLookupStrategy.java:93)
	at org.springframework.data.repository.core.support.QueryExecutorMethodInterceptor.lookupQuery(QueryExecutorMethodInterceptor.java:103)
	... 104 common frames omitted
Caused by: org.springframework.data.mapping.PropertyReferenceException: No property 'username' found for type 'User'
	at org.springframework.data.mapping.PropertyPath.<init>(PropertyPath.java:91)
	at org.springframework.data.mapping.PropertyPath.create(PropertyPath.java:438)
	at org.springframework.data.mapping.PropertyPath.create(PropertyPath.java:414)
	at org.springframework.data.mapping.PropertyPath.lambda$from$0(PropertyPath.java:367)
	at java.base/java.util.concurrent.ConcurrentMap.computeIfAbsent(ConcurrentMap.java:330)
	at org.springframework.data.mapping.PropertyPath.from(PropertyPath.java:349)
	at org.springframework.data.mapping.PropertyPath.from(PropertyPath.java:332)
	at org.springframework.data.repository.query.parser.Part.<init>(Part.java:81)
	at org.springframework.data.repository.query.parser.PartTree$OrPart.lambda$new$0(PartTree.java:250)
	at java.base/java.util.stream.ReferencePipeline$3$1.accept(ReferencePipeline.java:197)
	at java.base/java.util.stream.ReferencePipeline$2$1.accept(ReferencePipeline.java:179)
	at java.base/java.util.Spliterators$ArraySpliterator.forEachRemaining(Spliterators.java:992)
	at java.base/java.util.stream.AbstractPipeline.copyInto(AbstractPipeline.java:509)
	at java.base/java.util.stream.AbstractPipeline.wrapAndCopyInto(AbstractPipeline.java:499)
	at java.base/java.util.stream.ReduceOps$ReduceOp.evaluateSequential(ReduceOps.java:921)
	at java.base/java.util.stream.AbstractPipeline.evaluate(AbstractPipeline.java:234)
	at java.base/java.util.stream.ReferencePipeline.collect(ReferencePipeline.java:682)
	at org.springframework.data.repository.query.parser.PartTree$OrPart.<init>(PartTree.java:251)
	at org.springframework.data.repository.query.parser.PartTree$Predicate.lambda$new$0(PartTree.java:384)
	at java.base/java.util.stream.ReferencePipeline$3$1.accept(ReferencePipeline.java:197)
	at java.base/java.util.stream.ReferencePipeline$2$1.accept(ReferencePipeline.java:179)
	at java.base/java.util.Spliterators$ArraySpliterator.forEachRemaining(Spliterators.java:992)
	at java.base/java.util.stream.AbstractPipeline.copyInto(AbstractPipeline.java:509)
	at java.base/java.util.stream.AbstractPipeline.wrapAndCopyInto(AbstractPipeline.java:499)
	at java.base/java.util.stream.ReduceOps$ReduceOp.evaluateSequential(ReduceOps.java:921)
	at java.base/java.util.stream.AbstractPipeline.evaluate(AbstractPipeline.java:234)
	at java.base/java.util.stream.ReferencePipeline.collect(ReferencePipeline.java:682)
	at org.springframework.data.repository.query.parser.PartTree$Predicate.<init>(PartTree.java:385)
	at org.springframework.data.repository.query.parser.PartTree.<init>(PartTree.java:96)
	at org.springframework.data.jpa.repository.query.PartTreeJpaQuery.<init>(PartTreeJpaQuery.java:89)
	... 108 common frames omitted
2022-11-05_14-54-04 [http-nio-8084-exec-7] ERROR c.m.a.e.GlobalExceptionHandler - query did not return a unique result: 2; nested exception is javax.persistence.NonUniqueResultException: query did not return a unique result: 2
2022-11-05_14-54-04 [http-nio-8084-exec-4] ERROR c.m.a.e.GlobalExceptionHandler - query did not return a unique result: 2; nested exception is javax.persistence.NonUniqueResultException: query did not return a unique result: 2
2022-11-05_14-54-04 [http-nio-8084-exec-3] ERROR c.m.a.e.GlobalExceptionHandler - query did not return a unique result: 2; nested exception is javax.persistence.NonUniqueResultException: query did not return a unique result: 2
2022-11-05_14-54-04 [http-nio-8084-exec-9] ERROR c.m.a.e.GlobalExceptionHandler - query did not return a unique result: 2; nested exception is javax.persistence.NonUniqueResultException: query did not return a unique result: 2
2022-11-05_14-54-04 [http-nio-8084-exec-2] ERROR c.m.a.e.GlobalExceptionHandler - query did not return a unique result: 2; nested exception is javax.persistence.NonUniqueResultException: query did not return a unique result: 2
2022-11-05_14-54-04 [http-nio-8084-exec-5] ERROR c.m.a.e.GlobalExceptionHandler - query did not return a unique result: 2; nested exception is javax.persistence.NonUniqueResultException: query did not return a unique result: 2
2022-11-05_14-54-04 [http-nio-8084-exec-10] ERROR c.m.a.e.GlobalExceptionHandler - query did not return a unique result: 2; nested exception is javax.persistence.NonUniqueResultException: query did not return a unique result: 2
2022-11-05_14-54-04 [http-nio-8084-exec-6] ERROR c.m.a.e.GlobalExceptionHandler - query did not return a unique result: 2; nested exception is javax.persistence.NonUniqueResultException: query did not return a unique result: 2
2022-11-05_14-54-04 [http-nio-8084-exec-8] ERROR c.m.a.e.GlobalExceptionHandler - query did not return a unique result: 2; nested exception is javax.persistence.NonUniqueResultException: query did not return a unique result: 2
2022-11-05_14-54-04 [http-nio-8084-exec-1] ERROR c.m.a.e.GlobalExceptionHandler - query did not return a unique result: 2; nested exception is javax.persistence.NonUniqueResultException: query did not return a unique result: 2
2022-11-05_14-54-04 [http-nio-8084-exec-7] ERROR c.m.a.e.GlobalExceptionHandler - INVALID_CREDENTIALS
2022-11-05_14-54-04 [http-nio-8084-exec-4] ERROR c.m.a.e.GlobalExceptionHandler - INVALID_CREDENTIALS
2022-11-05_14-54-04 [http-nio-8084-exec-3] ERROR c.m.a.e.GlobalExceptionHandler - INVALID_CREDENTIALS
2022-11-05_14-54-04 [http-nio-8084-exec-10] ERROR c.m.a.e.GlobalExceptionHandler - Cannot pass null or empty values to constructor
2022-11-05_14-54-04 [http-nio-8084-exec-8] ERROR c.m.a.e.GlobalExceptionHandler - User with user name  already exists
2022-11-05_14-54-04 [http-nio-8084-exec-7] ERROR c.m.a.e.GlobalExceptionHandler - User with user name  already exists
2022-11-05_14-54-04 [http-nio-8084-exec-3] ERROR c.m.a.e.GlobalExceptionHandler - User with user name  already exists
2022-11-05_14-54-04 [http-nio-8084-exec-2] ERROR c.m.a.e.GlobalExceptionHandler - User with user name  already exists
2022-11-05_14-54-04 [http-nio-8084-exec-10] ERROR c.m.a.e.GlobalExceptionHandler - User with user name  already exists
2022-11-05_14-54-04 [http-nio-8084-exec-8] ERROR c.m.a.e.GlobalExceptionHandler - User with user name  already exists
2022-11-05_14-54-04 [http-nio-8084-exec-1] ERROR c.m.a.e.GlobalExceptionHandler - User with user name  already exists
2022-11-05_14-54-04 [http-nio-8084-exec-10] ERROR c.m.a.e.GlobalExceptionHandler - INVALID_CREDENTIALS
2022-11-05_14-54-04 [http-nio-8084-exec-9] ERROR c.m.a.e.GlobalExceptionHandler - User with user name  already exists
2022-11-05_14-54-04 [http-nio-8084-exec-5] ERROR c.m.a.e.GlobalExceptionHandler - User with user name  already exists
2022-11-05_14-54-04 [http-nio-8084-exec-10] ERROR c.m.a.e.GlobalExceptionHandler - User with user name  already exists
2022-11-05_14-54-04 [http-nio-8084-exec-8] ERROR c.m.a.e.GlobalExceptionHandler - User with user name  already exists
2022-11-05_14-54-04 [http-nio-8084-exec-1] ERROR c.m.a.e.GlobalExceptionHandler - User with user name  already exists
2022-11-05_14-54-04 [http-nio-8084-exec-4] ERROR c.m.a.e.GlobalExceptionHandler - User with user name  already exists
2022-11-05_14-54-04 [http-nio-8084-exec-3] ERROR c.m.a.e.GlobalExceptionHandler - User with user name  already exists
2022-11-05_14-54-04 [http-nio-8084-exec-2] ERROR c.m.a.e.GlobalExceptionHandler - User with user name  already exists
2022-11-05_14-54-04 [http-nio-8084-exec-6] ERROR c.m.a.e.GlobalExceptionHandler - User with user name  already exists
2022-11-05_14-54-04 [http-nio-8084-exec-3] ERROR c.m.a.e.GlobalExceptionHandler - JSON parse error: Unexpected character ('}' (code 125)): was expecting double-quote to start field name; nested exception is com.fasterxml.jackson.core.JsonParseException: Unexpected character ('}' (code 125)): was expecting double-quote to start field name
 at [Source: (org.springframework.util.StreamUtils$NonClosingInputStream); line: 7, column: 2]
2022-11-05_14-54-04 [http-nio-8084-exec-1] ERROR c.m.a.e.GlobalExceptionHandler - User with user name  already exists
2022-11-05_14-54-04 [http-nio-8084-exec-10] ERROR c.m.a.e.GlobalExceptionHandler - User with user name  already exists
2022-11-05_14-54-04 [http-nio-8084-exec-8] ERROR c.m.a.e.GlobalExceptionHandler - User with user name  already exists
2022-11-05_14-54-04 [http-nio-8084-exec-9] ERROR c.m.a.e.GlobalExceptionHandler - User with user name  already exists
2022-11-05_14-54-04 [http-nio-8084-exec-5] ERROR c.m.a.e.GlobalExceptionHandler - User with user name  already exists
2022-11-05_14-54-04 [http-nio-8084-exec-2] ERROR c.m.a.e.GlobalExceptionHandler - User with user name  already exists
2022-11-05_14-54-04 [http-nio-8084-exec-6] ERROR c.m.a.e.GlobalExceptionHandler - User with user name  already exists
2022-11-05_14-54-04 [http-nio-8084-exec-1] ERROR c.m.a.e.GlobalExceptionHandler - User with user name  already exists
2022-11-05_14-54-04 [http-nio-8084-exec-9] ERROR c.m.a.e.GlobalExceptionHandler - User with user name  already exists
2022-11-05_14-54-04 [http-nio-8084-exec-3] ERROR c.m.a.e.GlobalExceptionHandler - User with user name dharshini already exists
2022-11-05_14-54-04 [http-nio-8084-exec-3] ERROR c.m.a.e.GlobalExceptionHandler - Cannot pass null or empty values to constructor
2022-11-05_14-54-04 [http-nio-8084-exec-5] ERROR c.m.a.e.GlobalExceptionHandler - Cannot pass null or empty values to constructor
2022-11-05_14-54-04 [http-nio-8084-exec-2] ERROR c.m.a.e.GlobalExceptionHandler - Cannot pass null or empty values to constructor
2022-11-05_14-54-04 [http-nio-8084-exec-10] ERROR c.m.a.e.GlobalExceptionHandler - Cannot pass null or empty values to constructor
2022-11-05_14-54-04 [http-nio-8084-exec-4] ERROR c.m.a.e.GlobalExceptionHandler - Cannot pass null or empty values to constructor
2022-11-05_14-54-04 [http-nio-8084-exec-3] ERROR c.m.a.e.GlobalExceptionHandler - Cannot pass null or empty values to constructor
2022-11-05_14-54-04 [http-nio-8084-exec-5] ERROR c.m.a.e.GlobalExceptionHandler - Cannot pass null or empty values to constructor
2022-11-05_14-54-04 [http-nio-8084-exec-2] ERROR c.m.a.e.GlobalExceptionHandler - Cannot pass null or empty values to constructor
2022-11-05_14-54-04 [http-nio-8084-exec-10] ERROR c.m.a.e.GlobalExceptionHandler - User with user name  already exists
2022-11-05_14-54-04 [http-nio-8084-exec-7] ERROR c.m.a.e.GlobalExceptionHandler - INVALID_CREDENTIALS
2022-11-05_14-54-04 [http-nio-8084-exec-3] ERROR c.m.a.e.GlobalExceptionHandler - User with user name  already exists
2022-11-05_14-54-04 [http-nio-8084-exec-8] ERROR c.m.a.e.GlobalExceptionHandler - User with user name  already exists
2022-11-05_14-54-04 [HikariPool-1 connection adder] ERROR com.zaxxer.hikari.pool.HikariPool - HikariPool-1 - Error thrown while acquiring connection from data source
org.h2.jdbc.JdbcSQLNonTransientConnectionException: The database is open in exclusive mode; can not open additional connections [90135-214]
	at org.h2.message.DbException.getJdbcSQLException(DbException.java:678)
	at org.h2.message.DbException.getJdbcSQLException(DbException.java:477)
	at org.h2.message.DbException.get(DbException.java:223)
	at org.h2.message.DbException.get(DbException.java:199)
	at org.h2.message.DbException.get(DbException.java:188)
	at org.h2.engine.SessionLocal.checkSuspended(SessionLocal.java:1240)
	at org.h2.engine.SessionLocal.transitionToState(SessionLocal.java:1232)
	at org.h2.engine.SessionLocal.setCurrentCommand(SessionLocal.java:1210)
	at org.h2.engine.SessionLocal.endStatement(SessionLocal.java:1693)
	at org.h2.command.Command.executeQuery(Command.java:227)
	at org.h2.jdbc.JdbcConnection.isReadOnly(JdbcConnection.java:538)
	at com.zaxxer.hikari.pool.PoolBase.setupConnection(PoolBase.java:408)
	at com.zaxxer.hikari.pool.PoolBase.newConnection(PoolBase.java:369)
	at com.zaxxer.hikari.pool.PoolBase.newPoolEntry(PoolBase.java:206)
	at com.zaxxer.hikari.pool.HikariPool.createPoolEntry(HikariPool.java:476)
	at com.zaxxer.hikari.pool.HikariPool.access$100(HikariPool.java:71)
	at com.zaxxer.hikari.pool.HikariPool$PoolEntryCreator.call(HikariPool.java:726)
	at com.zaxxer.hikari.pool.HikariPool$PoolEntryCreator.call(HikariPool.java:712)
	at java.base/java.util.concurrent.FutureTask.run(FutureTask.java:264)
	at java.base/java.util.concurrent.ThreadPoolExecutor.runWorker(ThreadPoolExecutor.java:1136)
	at java.base/java.util.concurrent.ThreadPoolExecutor$Worker.run(ThreadPoolExecutor.java:635)
	at java.base/java.lang.Thread.run(Thread.java:833)
